2021-10-25 10:08:07,602 INFO o.a.j.u.JMeterUtils: Setting Locale to en_EN
2021-10-25 10:08:07,636 INFO o.a.j.JMeter: Loading user properties from: /usr/local/Cellar/jmeter/5.4.1/libexec/bin/user.properties
2021-10-25 10:08:07,637 INFO o.a.j.JMeter: Loading system properties from: /usr/local/Cellar/jmeter/5.4.1/libexec/bin/system.properties
2021-10-25 10:08:07,644 INFO o.a.j.JMeter: Copyright (c) 1998-2021 The Apache Software Foundation
2021-10-25 10:08:07,644 INFO o.a.j.JMeter: Version 5.4.1
2021-10-25 10:08:07,644 INFO o.a.j.JMeter: java.version=16.0.1
2021-10-25 10:08:07,644 INFO o.a.j.JMeter: java.vm.name=OpenJDK 64-Bit Server VM
2021-10-25 10:08:07,644 INFO o.a.j.JMeter: os.name=Mac OS X
2021-10-25 10:08:07,644 INFO o.a.j.JMeter: os.arch=x86_64
2021-10-25 10:08:07,644 INFO o.a.j.JMeter: os.version=11.6
2021-10-25 10:08:07,645 INFO o.a.j.JMeter: file.encoding=UTF-8
2021-10-25 10:08:07,645 INFO o.a.j.JMeter: java.awt.headless=null
2021-10-25 10:08:07,645 INFO o.a.j.JMeter: Max memory     =1073741824
2021-10-25 10:08:07,645 INFO o.a.j.JMeter: Available Processors =12
2021-10-25 10:08:07,655 INFO o.a.j.JMeter: Default Locale=English (EN)
2021-10-25 10:08:07,656 INFO o.a.j.JMeter: JMeter  Locale=English (EN)
2021-10-25 10:08:07,656 INFO o.a.j.JMeter: JMeterHome=/usr/local/Cellar/jmeter/5.4.1/libexec
2021-10-25 10:08:07,656 INFO o.a.j.JMeter: user.dir  =/Users/waynbrow/Documents/Github/spring-petclinic-microservices
2021-10-25 10:08:07,656 INFO o.a.j.JMeter: PWD       =/Users/waynbrow/Documents/Github/spring-petclinic-microservices
2021-10-25 10:08:07,730 INFO o.a.j.JMeter: IP: 192.168.116.169 Name: WAYNBROW-M-F7ED FullName: waynbrow-m-f7ed.lan
2021-10-25 10:08:08,438 INFO o.a.j.JMeter: Setting LAF to: com.github.weisj.darklaf.DarkLaf:com.github.weisj.darklaf.theme.DarculaTheme
2021-10-25 10:08:09,830 INFO o.a.j.JMeter: Loaded icon properties from org/apache/jmeter/images/icon.properties
2021-10-25 10:08:10,893 INFO o.j.r.JARSourceHTTP: Requesting https://jmeter-plugins.org/repo/?installID=mac_os_x-e877fcb54c1e7c95b9ffba1c5bbb8ae3-gui
2021-10-25 10:08:11,113 INFO o.a.j.JMeter: Loading file: ./spring-petclinic-api-gateway/src/test/jmeter/petclinic_test_plan.jmx
2021-10-25 10:08:11,114 INFO o.a.j.s.FileServer: Default base='/Users/waynbrow/Documents/Github/spring-petclinic-microservices'
2021-10-25 10:08:11,115 INFO o.a.j.s.FileServer: Set new base='/Users/waynbrow/Documents/Github/spring-petclinic-microservices/./spring-petclinic-api-gateway/src/test/jmeter'
2021-10-25 10:08:11,251 INFO o.a.j.s.SaveService: Testplan (JMX) version: 2.2. Testlog (JTL) version: 2.2
2021-10-25 10:08:11,259 INFO o.a.j.s.SaveService: Using SaveService properties version 5.0
2021-10-25 10:08:11,260 INFO o.a.j.s.SaveService: Using SaveService properties file encoding UTF-8
2021-10-25 10:08:11,261 INFO o.a.j.s.SaveService: Loading file: ./spring-petclinic-api-gateway/src/test/jmeter/petclinic_test_plan.jmx
2021-10-25 10:08:11,382 INFO o.a.j.p.h.s.HTTPSamplerBase: Parser for text/html is org.apache.jmeter.protocol.http.parser.LagartoBasedHtmlParser
2021-10-25 10:08:11,383 INFO o.a.j.p.h.s.HTTPSamplerBase: Parser for application/xhtml+xml is org.apache.jmeter.protocol.http.parser.LagartoBasedHtmlParser
2021-10-25 10:08:11,383 INFO o.a.j.p.h.s.HTTPSamplerBase: Parser for application/xml is org.apache.jmeter.protocol.http.parser.LagartoBasedHtmlParser
2021-10-25 10:08:11,383 INFO o.a.j.p.h.s.HTTPSamplerBase: Parser for text/xml is org.apache.jmeter.protocol.http.parser.LagartoBasedHtmlParser
2021-10-25 10:08:11,383 INFO o.a.j.p.h.s.HTTPSamplerBase: Parser for text/vnd.wap.wml is org.apache.jmeter.protocol.http.parser.RegexpHTMLParser
2021-10-25 10:08:11,383 INFO o.a.j.p.h.s.HTTPSamplerBase: Parser for text/css is org.apache.jmeter.protocol.http.parser.CssParser
2021-10-25 10:08:11,444 INFO o.a.j.s.FileServer: Set new base='/Users/waynbrow/Documents/Github/spring-petclinic-microservices/./spring-petclinic-api-gateway/src/test/jmeter'
2021-10-25 10:08:11,595 INFO o.a.j.e.u.CompoundVariable: Note: Function class names must contain the string: '.functions.'
2021-10-25 10:08:11,596 INFO o.a.j.e.u.CompoundVariable: Note: Function class names must not contain the string: '.gui.'
2021-10-25 10:08:11,779 INFO o.a.j.s.SampleResult: Note: Sample TimeStamps are START times
2021-10-25 10:08:11,779 INFO o.a.j.s.SampleResult: sampleresult.default.encoding is set to ISO-8859-1
2021-10-25 10:08:11,779 INFO o.a.j.s.SampleResult: sampleresult.useNanoTime=true
2021-10-25 10:08:11,779 INFO o.a.j.s.SampleResult: sampleresult.nanoThreadSleep=5000
2021-10-25 10:08:11,968 INFO o.a.j.v.ViewResultsFullVisualizer: Add JavaFX to your Java installation if you want to use renderer: org.apache.jmeter.visualizers.RenderInBrowser
2021-10-25 10:08:12,150 INFO o.j.r.PluginManager: Plugins Status: [jpgc-casutg=2.9, jpgc-plugins-manager=1.6, jmeter-core=5.4.1, jmeter-ftp=5.4.1, jmeter-http=5.4.1, jmeter-jdbc=5.4.1, jmeter-jms=5.4.1, jmeter-junit=5.4.1, jmeter-java=5.4.1, jmeter-ldap=5.4.1, jmeter-mail=5.4.1, jmeter-mongodb=5.4.1, jmeter-native=5.4.1, jmeter-tcp=5.4.1, jmeter-components=5.4.1]
2021-10-25 10:08:12,151 INFO o.j.r.PluginManagerMenuItem: Plugins Manager has upgrades: [jpgc-casutg]
2021-10-25 10:10:49,114 INFO o.a.j.e.StandardJMeterEngine: Running the test!
2021-10-25 10:10:49,115 INFO o.a.j.s.SampleEvent: List of sample_variables: []
2021-10-25 10:10:49,115 INFO o.a.j.s.SampleEvent: List of sample_variables: []
2021-10-25 10:10:49,118 INFO o.a.j.g.u.JMeterMenuBar: setRunning(true, *local*)
2021-10-25 10:10:49,163 INFO o.a.j.e.StandardJMeterEngine: Starting ThreadGroup: 1 : jp@gc - Ultimate Thread Group
2021-10-25 10:10:49,163 INFO o.a.j.e.StandardJMeterEngine: Starting 100 threads for group jp@gc - Ultimate Thread Group.
2021-10-25 10:10:49,163 INFO o.a.j.e.StandardJMeterEngine: Thread will continue on error
2021-10-25 10:10:49,163 INFO k.a.j.t.AbstractSimpleThreadGroup: Starting thread group number 1 threads 100
2021-10-25 10:10:49,167 INFO o.a.j.t.JMeterThread: Thread started: jp@gc - Ultimate Thread Group 1-2
2021-10-25 10:10:49,167 INFO o.a.j.t.JMeterThread: Thread started: jp@gc - Ultimate Thread Group 1-1
2021-10-25 10:10:49,168 INFO o.a.j.t.JMeterThread: Thread started: jp@gc - Ultimate Thread Group 1-3
2021-10-25 10:10:49,169 INFO o.a.j.t.JMeterThread: Thread started: jp@gc - Ultimate Thread Group 1-4
2021-10-25 10:10:49,170 INFO o.a.j.t.JMeterThread: Thread started: jp@gc - Ultimate Thread Group 1-5
2021-10-25 10:10:49,173 INFO o.a.j.t.JMeterThread: Thread started: jp@gc - Ultimate Thread Group 1-8
2021-10-25 10:10:49,173 INFO o.a.j.t.JMeterThread: Thread started: jp@gc - Ultimate Thread Group 1-7
2021-10-25 10:10:49,173 INFO o.a.j.t.JMeterThread: Thread started: jp@gc - Ultimate Thread Group 1-6
2021-10-25 10:10:49,174 INFO o.a.j.t.JMeterThread: Thread started: jp@gc - Ultimate Thread Group 1-9
2021-10-25 10:10:49,176 INFO o.a.j.t.JMeterThread: Thread started: jp@gc - Ultimate Thread Group 1-10
2021-10-25 10:10:49,218 INFO k.a.j.t.AbstractSimpleThreadGroup: Started thread group number 1
2021-10-25 10:10:49,218 INFO o.a.j.e.StandardJMeterEngine: All thread groups have been started
2021-10-25 10:11:19,667 INFO o.a.j.t.JMeterThread: Thread started: jp@gc - Ultimate Thread Group 1-30
2021-10-25 10:11:20,168 INFO o.a.j.t.JMeterThread: Thread started: jp@gc - Ultimate Thread Group 1-29
2021-10-25 10:11:20,666 INFO o.a.j.t.JMeterThread: Thread started: jp@gc - Ultimate Thread Group 1-28
2021-10-25 10:11:21,168 INFO o.a.j.t.JMeterThread: Thread started: jp@gc - Ultimate Thread Group 1-27
2021-10-25 10:11:21,668 INFO o.a.j.t.JMeterThread: Thread started: jp@gc - Ultimate Thread Group 1-26
2021-10-25 10:11:22,164 INFO o.a.j.t.JMeterThread: Thread started: jp@gc - Ultimate Thread Group 1-25
2021-10-25 10:11:22,665 INFO o.a.j.t.JMeterThread: Thread started: jp@gc - Ultimate Thread Group 1-24
2021-10-25 10:11:23,163 INFO o.a.j.t.JMeterThread: Thread started: jp@gc - Ultimate Thread Group 1-23
2021-10-25 10:11:23,668 INFO o.a.j.t.JMeterThread: Thread started: jp@gc - Ultimate Thread Group 1-22
2021-10-25 10:11:24,167 INFO o.a.j.t.JMeterThread: Thread started: jp@gc - Ultimate Thread Group 1-21
2021-10-25 10:11:24,668 INFO o.a.j.t.JMeterThread: Thread started: jp@gc - Ultimate Thread Group 1-20
2021-10-25 10:11:25,167 INFO o.a.j.t.JMeterThread: Thread started: jp@gc - Ultimate Thread Group 1-19
2021-10-25 10:11:25,663 INFO o.a.j.t.JMeterThread: Thread started: jp@gc - Ultimate Thread Group 1-18
2021-10-25 10:11:26,163 INFO o.a.j.t.JMeterThread: Thread started: jp@gc - Ultimate Thread Group 1-17
2021-10-25 10:11:26,668 INFO o.a.j.t.JMeterThread: Thread started: jp@gc - Ultimate Thread Group 1-16
2021-10-25 10:11:27,168 INFO o.a.j.t.JMeterThread: Thread started: jp@gc - Ultimate Thread Group 1-15
2021-10-25 10:11:27,665 INFO o.a.j.t.JMeterThread: Thread started: jp@gc - Ultimate Thread Group 1-14
2021-10-25 10:11:28,163 INFO o.a.j.t.JMeterThread: Thread started: jp@gc - Ultimate Thread Group 1-13
2021-10-25 10:11:28,666 INFO o.a.j.t.JMeterThread: Thread started: jp@gc - Ultimate Thread Group 1-12
2021-10-25 10:11:29,167 INFO o.a.j.t.JMeterThread: Thread started: jp@gc - Ultimate Thread Group 1-11
2021-10-25 10:11:49,834 INFO o.a.j.t.JMeterThread: Thread started: jp@gc - Ultimate Thread Group 1-60
2021-10-25 10:11:50,499 INFO o.a.j.t.JMeterThread: Thread started: jp@gc - Ultimate Thread Group 1-59
2021-10-25 10:11:51,164 INFO o.a.j.t.JMeterThread: Thread started: jp@gc - Ultimate Thread Group 1-58
2021-10-25 10:11:51,834 INFO o.a.j.t.JMeterThread: Thread started: jp@gc - Ultimate Thread Group 1-57
2021-10-25 10:11:52,501 INFO o.a.j.t.JMeterThread: Thread started: jp@gc - Ultimate Thread Group 1-56
2021-10-25 10:11:53,167 INFO o.a.j.t.JMeterThread: Thread started: jp@gc - Ultimate Thread Group 1-55
2021-10-25 10:11:53,834 INFO o.a.j.t.JMeterThread: Thread started: jp@gc - Ultimate Thread Group 1-54
2021-10-25 10:11:54,501 INFO o.a.j.t.JMeterThread: Thread started: jp@gc - Ultimate Thread Group 1-53
2021-10-25 10:11:55,163 INFO o.a.j.t.JMeterThread: Thread started: jp@gc - Ultimate Thread Group 1-52
2021-10-25 10:11:55,831 INFO o.a.j.t.JMeterThread: Thread started: jp@gc - Ultimate Thread Group 1-51
2021-10-25 10:11:56,499 INFO o.a.j.t.JMeterThread: Thread started: jp@gc - Ultimate Thread Group 1-50
2021-10-25 10:11:57,168 INFO o.a.j.t.JMeterThread: Thread started: jp@gc - Ultimate Thread Group 1-49
2021-10-25 10:11:57,834 INFO o.a.j.t.JMeterThread: Thread started: jp@gc - Ultimate Thread Group 1-48
2021-10-25 10:11:58,501 INFO o.a.j.t.JMeterThread: Thread started: jp@gc - Ultimate Thread Group 1-47
2021-10-25 10:11:59,163 INFO o.a.j.t.JMeterThread: Thread started: jp@gc - Ultimate Thread Group 1-46
2021-10-25 10:11:59,834 INFO o.a.j.t.JMeterThread: Thread started: jp@gc - Ultimate Thread Group 1-45
2021-10-25 10:12:00,497 INFO o.a.j.t.JMeterThread: Thread started: jp@gc - Ultimate Thread Group 1-44
2021-10-25 10:12:01,167 INFO o.a.j.t.JMeterThread: Thread started: jp@gc - Ultimate Thread Group 1-43
2021-10-25 10:12:01,833 INFO o.a.j.t.JMeterThread: Thread started: jp@gc - Ultimate Thread Group 1-42
2021-10-25 10:12:02,497 INFO o.a.j.t.JMeterThread: Thread started: jp@gc - Ultimate Thread Group 1-41
2021-10-25 10:12:03,167 INFO o.a.j.t.JMeterThread: Thread started: jp@gc - Ultimate Thread Group 1-40
2021-10-25 10:12:03,831 INFO o.a.j.t.JMeterThread: Thread started: jp@gc - Ultimate Thread Group 1-39
2021-10-25 10:12:04,497 INFO o.a.j.t.JMeterThread: Thread started: jp@gc - Ultimate Thread Group 1-38
2021-10-25 10:12:05,166 INFO o.a.j.t.JMeterThread: Thread started: jp@gc - Ultimate Thread Group 1-37
2021-10-25 10:12:05,834 INFO o.a.j.t.JMeterThread: Thread started: jp@gc - Ultimate Thread Group 1-36
2021-10-25 10:12:06,496 INFO o.a.j.t.JMeterThread: Thread started: jp@gc - Ultimate Thread Group 1-35
2021-10-25 10:12:07,163 INFO o.a.j.t.JMeterThread: Thread started: jp@gc - Ultimate Thread Group 1-34
2021-10-25 10:12:07,834 INFO o.a.j.t.JMeterThread: Thread started: jp@gc - Ultimate Thread Group 1-33
2021-10-25 10:12:08,500 INFO o.a.j.t.JMeterThread: Thread started: jp@gc - Ultimate Thread Group 1-32
2021-10-25 10:12:09,168 INFO o.a.j.t.JMeterThread: Thread started: jp@gc - Ultimate Thread Group 1-31
2021-10-25 10:12:19,914 INFO o.a.j.t.JMeterThread: Thread started: jp@gc - Ultimate Thread Group 1-100
2021-10-25 10:12:20,666 INFO o.a.j.t.JMeterThread: Thread started: jp@gc - Ultimate Thread Group 1-99
2021-10-25 10:12:21,418 INFO o.a.j.t.JMeterThread: Thread started: jp@gc - Ultimate Thread Group 1-98
2021-10-25 10:12:22,167 INFO o.a.j.t.JMeterThread: Thread started: jp@gc - Ultimate Thread Group 1-97
2021-10-25 10:12:22,917 INFO o.a.j.t.JMeterThread: Thread started: jp@gc - Ultimate Thread Group 1-96
2021-10-25 10:12:23,665 INFO o.a.j.t.JMeterThread: Thread started: jp@gc - Ultimate Thread Group 1-95
2021-10-25 10:12:24,416 INFO o.a.j.t.JMeterThread: Thread started: jp@gc - Ultimate Thread Group 1-94
2021-10-25 10:12:25,164 INFO o.a.j.t.JMeterThread: Thread started: jp@gc - Ultimate Thread Group 1-93
2021-10-25 10:12:25,917 INFO o.a.j.t.JMeterThread: Thread started: jp@gc - Ultimate Thread Group 1-92
2021-10-25 10:12:26,666 INFO o.a.j.t.JMeterThread: Thread started: jp@gc - Ultimate Thread Group 1-91
2021-10-25 10:12:27,415 INFO o.a.j.t.JMeterThread: Thread started: jp@gc - Ultimate Thread Group 1-90
2021-10-25 10:12:28,167 INFO o.a.j.t.JMeterThread: Thread started: jp@gc - Ultimate Thread Group 1-89
2021-10-25 10:12:28,916 INFO o.a.j.t.JMeterThread: Thread started: jp@gc - Ultimate Thread Group 1-88
2021-10-25 10:12:29,668 INFO o.a.j.t.JMeterThread: Thread started: jp@gc - Ultimate Thread Group 1-87
2021-10-25 10:12:30,416 INFO o.a.j.t.JMeterThread: Thread started: jp@gc - Ultimate Thread Group 1-86
2021-10-25 10:12:31,164 INFO o.a.j.t.JMeterThread: Thread started: jp@gc - Ultimate Thread Group 1-85
2021-10-25 10:12:31,916 INFO o.a.j.t.JMeterThread: Thread started: jp@gc - Ultimate Thread Group 1-84
2021-10-25 10:12:32,666 INFO o.a.j.t.JMeterThread: Thread started: jp@gc - Ultimate Thread Group 1-83
2021-10-25 10:12:32,988 INFO o.a.j.g.a.Start: Stopping test
2021-10-25 10:12:33,007 INFO o.a.j.t.JMeterThread: Stopping: jp@gc - Ultimate Thread Group 1-94
2021-10-25 10:12:33,008 INFO o.a.j.t.JMeterThread: Stopping: jp@gc - Ultimate Thread Group 1-22
2021-10-25 10:12:33,008 WARN o.a.j.t.JMeterThread: The delay timer was interrupted - probably did not wait as long as intended.
2021-10-25 10:12:33,008 WARN o.a.j.t.JMeterThread: The delay timer was interrupted - probably did not wait as long as intended.
2021-10-25 10:12:33,008 INFO o.a.j.t.JMeterThread: Stopping: jp@gc - Ultimate Thread Group 1-56
2021-10-25 10:12:33,008 INFO o.a.j.t.JMeterThread: Stopping: jp@gc - Ultimate Thread Group 1-64
2021-10-25 10:12:33,008 WARN o.a.j.t.JMeterThread: The delay timer was interrupted - probably did not wait as long as intended.
2021-10-25 10:12:33,008 INFO o.a.j.t.JMeterThread: Thread finished: jp@gc - Ultimate Thread Group 1-94
2021-10-25 10:12:33,008 INFO o.a.j.t.JMeterThread: Thread finished: jp@gc - Ultimate Thread Group 1-22
2021-10-25 10:12:33,008 INFO o.a.j.t.JMeterThread: Stopping: jp@gc - Ultimate Thread Group 1-67
2021-10-25 10:12:33,008 INFO o.a.j.t.JMeterThread: Thread finished: jp@gc - Ultimate Thread Group 1-56
2021-10-25 10:12:33,008 INFO o.a.j.t.JMeterThread: Thread started: jp@gc - Ultimate Thread Group 1-64
2021-10-25 10:12:33,008 INFO o.a.j.t.JMeterThread: Stopping: jp@gc - Ultimate Thread Group 1-36
2021-10-25 10:12:33,008 INFO o.a.j.t.JMeterThread: Thread started: jp@gc - Ultimate Thread Group 1-67
2021-10-25 10:12:33,009 INFO o.a.j.t.JMeterThread: Stopping: jp@gc - Ultimate Thread Group 1-5
2021-10-25 10:12:33,009 INFO o.a.j.t.JMeterThread: Thread finished: jp@gc - Ultimate Thread Group 1-64
2021-10-25 10:12:33,009 WARN o.a.j.t.JMeterThread: The delay timer was interrupted - probably did not wait as long as intended.
2021-10-25 10:12:33,009 INFO o.a.j.t.JMeterThread: Thread finished: jp@gc - Ultimate Thread Group 1-67
2021-10-25 10:12:33,009 INFO o.a.j.t.JMeterThread: Stopping: jp@gc - Ultimate Thread Group 1-40
2021-10-25 10:12:33,009 WARN o.a.j.t.JMeterThread: The delay timer was interrupted - probably did not wait as long as intended.
2021-10-25 10:12:33,009 INFO o.a.j.t.JMeterThread: Thread finished: jp@gc - Ultimate Thread Group 1-36
2021-10-25 10:12:33,009 INFO o.a.j.t.JMeterThread: Stopping: jp@gc - Ultimate Thread Group 1-18
2021-10-25 10:12:33,009 WARN o.a.j.t.JMeterThread: The delay timer was interrupted - probably did not wait as long as intended.
2021-10-25 10:12:33,009 INFO o.a.j.t.JMeterThread: Thread finished: jp@gc - Ultimate Thread Group 1-5
2021-10-25 10:12:33,009 INFO o.a.j.t.JMeterThread: Stopping: jp@gc - Ultimate Thread Group 1-87
2021-10-25 10:12:33,009 WARN o.a.j.t.JMeterThread: The delay timer was interrupted - probably did not wait as long as intended.
2021-10-25 10:12:33,009 INFO o.a.j.t.JMeterThread: Stopping: jp@gc - Ultimate Thread Group 1-4
2021-10-25 10:12:33,009 WARN o.a.j.t.JMeterThread: The delay timer was interrupted - probably did not wait as long as intended.
2021-10-25 10:12:33,009 INFO o.a.j.t.JMeterThread: Thread finished: jp@gc - Ultimate Thread Group 1-18
2021-10-25 10:12:33,009 INFO o.a.j.t.JMeterThread: Thread finished: jp@gc - Ultimate Thread Group 1-40
2021-10-25 10:12:33,010 WARN o.a.j.t.JMeterThread: The delay timer was interrupted - probably did not wait as long as intended.
2021-10-25 10:12:33,010 INFO o.a.j.t.JMeterThread: Stopping: jp@gc - Ultimate Thread Group 1-54
2021-10-25 10:12:33,010 INFO o.a.j.t.JMeterThread: Thread finished: jp@gc - Ultimate Thread Group 1-87
2021-10-25 10:12:33,010 WARN o.a.j.t.JMeterThread: The delay timer was interrupted - probably did not wait as long as intended.
2021-10-25 10:12:33,010 INFO o.a.j.t.JMeterThread: Stopping: jp@gc - Ultimate Thread Group 1-3
2021-10-25 10:12:33,010 INFO o.a.j.t.JMeterThread: Thread finished: jp@gc - Ultimate Thread Group 1-4
2021-10-25 10:12:33,010 INFO o.a.j.t.JMeterThread: Stopping: jp@gc - Ultimate Thread Group 1-10
2021-10-25 10:12:33,010 WARN o.a.j.t.JMeterThread: The delay timer was interrupted - probably did not wait as long as intended.
2021-10-25 10:12:33,010 INFO o.a.j.t.JMeterThread: Thread finished: jp@gc - Ultimate Thread Group 1-54
2021-10-25 10:12:33,010 WARN o.a.j.t.JMeterThread: The delay timer was interrupted - probably did not wait as long as intended.
2021-10-25 10:12:33,010 INFO o.a.j.t.JMeterThread: Stopping: jp@gc - Ultimate Thread Group 1-77
2021-10-25 10:12:33,010 INFO o.a.j.t.JMeterThread: Thread finished: jp@gc - Ultimate Thread Group 1-3
2021-10-25 10:12:33,010 INFO o.a.j.t.JMeterThread: Stopping: jp@gc - Ultimate Thread Group 1-79
2021-10-25 10:12:33,010 INFO o.a.j.t.JMeterThread: Thread finished: jp@gc - Ultimate Thread Group 1-10
2021-10-25 10:12:33,010 INFO o.a.j.t.JMeterThread: Thread started: jp@gc - Ultimate Thread Group 1-77
2021-10-25 10:12:33,010 INFO o.a.j.t.JMeterThread: Stopping: jp@gc - Ultimate Thread Group 1-90
2021-10-25 10:12:33,011 INFO o.a.j.t.JMeterThread: Stopping: jp@gc - Ultimate Thread Group 1-30
2021-10-25 10:12:33,011 WARN o.a.j.t.JMeterThread: The delay timer was interrupted - probably did not wait as long as intended.
2021-10-25 10:12:33,011 INFO o.a.j.t.JMeterThread: Thread finished: jp@gc - Ultimate Thread Group 1-77
2021-10-25 10:12:33,011 WARN o.a.j.t.JMeterThread: The delay timer was interrupted - probably did not wait as long as intended.
2021-10-25 10:12:33,010 INFO o.a.j.t.JMeterThread: Thread started: jp@gc - Ultimate Thread Group 1-79
2021-10-25 10:12:33,011 INFO o.a.j.t.JMeterThread: Stopping: jp@gc - Ultimate Thread Group 1-97
2021-10-25 10:12:33,011 INFO o.a.j.t.JMeterThread: Thread finished: jp@gc - Ultimate Thread Group 1-90
2021-10-25 10:12:33,011 INFO o.a.j.t.JMeterThread: Thread finished: jp@gc - Ultimate Thread Group 1-30
2021-10-25 10:12:33,011 INFO o.a.j.t.JMeterThread: Thread finished: jp@gc - Ultimate Thread Group 1-79
2021-10-25 10:12:33,011 WARN o.a.j.t.JMeterThread: The delay timer was interrupted - probably did not wait as long as intended.
2021-10-25 10:12:33,011 INFO o.a.j.t.JMeterThread: Stopping: jp@gc - Ultimate Thread Group 1-32
2021-10-25 10:12:33,011 INFO o.a.j.t.JMeterThread: Stopping: jp@gc - Ultimate Thread Group 1-73
2021-10-25 10:12:33,011 INFO o.a.j.t.JMeterThread: Thread finished: jp@gc - Ultimate Thread Group 1-97
2021-10-25 10:12:33,011 WARN o.a.j.t.JMeterThread: The delay timer was interrupted - probably did not wait as long as intended.
2021-10-25 10:12:33,011 INFO o.a.j.t.JMeterThread: Stopping: jp@gc - Ultimate Thread Group 1-78
2021-10-25 10:12:33,011 INFO o.a.j.t.JMeterThread: Thread started: jp@gc - Ultimate Thread Group 1-73
2021-10-25 10:12:33,012 INFO o.a.j.t.JMeterThread: Stopping: jp@gc - Ultimate Thread Group 1-86
2021-10-25 10:12:33,012 INFO o.a.j.t.JMeterThread: Thread finished: jp@gc - Ultimate Thread Group 1-32
2021-10-25 10:12:33,012 INFO o.a.j.t.JMeterThread: Thread finished: jp@gc - Ultimate Thread Group 1-73
2021-10-25 10:12:33,012 INFO o.a.j.t.JMeterThread: Thread started: jp@gc - Ultimate Thread Group 1-78
2021-10-25 10:12:33,012 WARN o.a.j.t.JMeterThread: The delay timer was interrupted - probably did not wait as long as intended.
2021-10-25 10:12:33,012 INFO o.a.j.t.JMeterThread: Stopping: jp@gc - Ultimate Thread Group 1-91
2021-10-25 10:12:33,012 INFO o.a.j.t.JMeterThread: Thread finished: jp@gc - Ultimate Thread Group 1-78
2021-10-25 10:12:33,012 WARN o.a.j.t.JMeterThread: The delay timer was interrupted - probably did not wait as long as intended.
2021-10-25 10:12:33,012 INFO o.a.j.t.JMeterThread: Stopping: jp@gc - Ultimate Thread Group 1-74
2021-10-25 10:12:33,012 INFO o.a.j.t.JMeterThread: Thread finished: jp@gc - Ultimate Thread Group 1-86
2021-10-25 10:12:33,012 INFO o.a.j.t.JMeterThread: Thread finished: jp@gc - Ultimate Thread Group 1-91
2021-10-25 10:12:33,012 INFO o.a.j.t.JMeterThread: Stopping: jp@gc - Ultimate Thread Group 1-75
2021-10-25 10:12:33,012 INFO o.a.j.t.JMeterThread: Thread started: jp@gc - Ultimate Thread Group 1-74
2021-10-25 10:12:33,012 INFO o.a.j.t.JMeterThread: Stopping: jp@gc - Ultimate Thread Group 1-43
2021-10-25 10:12:33,012 INFO o.a.j.t.JMeterThread: Thread finished: jp@gc - Ultimate Thread Group 1-74
2021-10-25 10:12:33,012 INFO o.a.j.t.JMeterThread: Thread started: jp@gc - Ultimate Thread Group 1-75
2021-10-25 10:12:33,012 INFO o.a.j.t.JMeterThread: Stopping: jp@gc - Ultimate Thread Group 1-16
2021-10-25 10:12:33,013 WARN o.a.j.t.JMeterThread: The delay timer was interrupted - probably did not wait as long as intended.
2021-10-25 10:12:33,013 INFO o.a.j.t.JMeterThread: Stopping: jp@gc - Ultimate Thread Group 1-33
2021-10-25 10:12:33,013 WARN o.a.j.t.JMeterThread: The delay timer was interrupted - probably did not wait as long as intended.
2021-10-25 10:12:33,013 INFO o.a.j.t.JMeterThread: Thread finished: jp@gc - Ultimate Thread Group 1-43
2021-10-25 10:12:33,013 INFO o.a.j.t.JMeterThread: Stopping: jp@gc - Ultimate Thread Group 1-29
2021-10-25 10:12:33,013 INFO o.a.j.t.JMeterThread: Thread finished: jp@gc - Ultimate Thread Group 1-75
2021-10-25 10:12:33,013 INFO o.a.j.t.JMeterThread: Thread finished: jp@gc - Ultimate Thread Group 1-16
2021-10-25 10:12:33,013 INFO o.a.j.t.JMeterThread: Stopping: jp@gc - Ultimate Thread Group 1-41
2021-10-25 10:12:33,013 WARN o.a.j.t.JMeterThread: The delay timer was interrupted - probably did not wait as long as intended.
2021-10-25 10:12:33,013 WARN o.a.j.t.JMeterThread: The delay timer was interrupted - probably did not wait as long as intended.
2021-10-25 10:12:33,013 WARN o.a.j.t.JMeterThread: The delay timer was interrupted - probably did not wait as long as intended.
2021-10-25 10:12:33,013 INFO o.a.j.t.JMeterThread: Stopping: jp@gc - Ultimate Thread Group 1-52
2021-10-25 10:12:33,013 INFO o.a.j.t.JMeterThread: Thread finished: jp@gc - Ultimate Thread Group 1-33
2021-10-25 10:12:33,013 INFO o.a.j.t.JMeterThread: Thread finished: jp@gc - Ultimate Thread Group 1-29
2021-10-25 10:12:33,013 INFO o.a.j.t.JMeterThread: Stopping: jp@gc - Ultimate Thread Group 1-95
2021-10-25 10:12:33,013 INFO o.a.j.t.JMeterThread: Thread finished: jp@gc - Ultimate Thread Group 1-41
2021-10-25 10:12:33,013 WARN o.a.j.t.JMeterThread: The delay timer was interrupted - probably did not wait as long as intended.
2021-10-25 10:12:33,013 WARN o.a.j.t.JMeterThread: The delay timer was interrupted - probably did not wait as long as intended.
2021-10-25 10:12:33,013 INFO o.a.j.t.JMeterThread: Stopping: jp@gc - Ultimate Thread Group 1-15
2021-10-25 10:12:33,014 INFO o.a.j.t.JMeterThread: Thread finished: jp@gc - Ultimate Thread Group 1-52
2021-10-25 10:12:33,014 INFO o.a.j.t.JMeterThread: Thread finished: jp@gc - Ultimate Thread Group 1-95
2021-10-25 10:12:33,014 INFO o.a.j.t.JMeterThread: Stopping: jp@gc - Ultimate Thread Group 1-92
2021-10-25 10:12:33,014 WARN o.a.j.t.JMeterThread: The delay timer was interrupted - probably did not wait as long as intended.
2021-10-25 10:12:33,014 WARN o.a.j.t.JMeterThread: The delay timer was interrupted - probably did not wait as long as intended.
2021-10-25 10:12:33,014 INFO o.a.j.t.JMeterThread: Stopping: jp@gc - Ultimate Thread Group 1-44
2021-10-25 10:12:33,014 INFO o.a.j.t.JMeterThread: Stopping: jp@gc - Ultimate Thread Group 1-58
2021-10-25 10:12:33,014 INFO o.a.j.t.JMeterThread: Thread finished: jp@gc - Ultimate Thread Group 1-15
2021-10-25 10:12:33,014 WARN o.a.j.t.JMeterThread: The delay timer was interrupted - probably did not wait as long as intended.
2021-10-25 10:12:33,014 INFO o.a.j.t.JMeterThread: Stopping: jp@gc - Ultimate Thread Group 1-35
2021-10-25 10:12:33,014 INFO o.a.j.t.JMeterThread: Thread finished: jp@gc - Ultimate Thread Group 1-92
2021-10-25 10:12:33,014 WARN o.a.j.t.JMeterThread: The delay timer was interrupted - probably did not wait as long as intended.
2021-10-25 10:12:33,014 INFO o.a.j.t.JMeterThread: Thread finished: jp@gc - Ultimate Thread Group 1-44
2021-10-25 10:12:33,014 INFO o.a.j.t.JMeterThread: Thread finished: jp@gc - Ultimate Thread Group 1-58
2021-10-25 10:12:33,014 INFO o.a.j.t.JMeterThread: Stopping: jp@gc - Ultimate Thread Group 1-70
2021-10-25 10:12:33,014 WARN o.a.j.t.JMeterThread: The delay timer was interrupted - probably did not wait as long as intended.
2021-10-25 10:12:33,014 INFO o.a.j.t.JMeterThread: Stopping: jp@gc - Ultimate Thread Group 1-6
2021-10-25 10:12:33,015 INFO o.a.j.t.JMeterThread: Stopping: jp@gc - Ultimate Thread Group 1-81
2021-10-25 10:12:33,015 INFO o.a.j.t.JMeterThread: Thread finished: jp@gc - Ultimate Thread Group 1-35
2021-10-25 10:12:33,015 WARN o.a.j.t.JMeterThread: The delay timer was interrupted - probably did not wait as long as intended.
2021-10-25 10:12:33,015 INFO o.a.j.t.JMeterThread: Stopping: jp@gc - Ultimate Thread Group 1-80
2021-10-25 10:12:33,015 INFO o.a.j.t.JMeterThread: Thread started: jp@gc - Ultimate Thread Group 1-70
2021-10-25 10:12:33,015 INFO o.a.j.t.JMeterThread: Stopping: jp@gc - Ultimate Thread Group 1-84
2021-10-25 10:12:33,015 INFO o.a.j.t.JMeterThread: Thread started: jp@gc - Ultimate Thread Group 1-81
2021-10-25 10:12:33,015 INFO o.a.j.t.JMeterThread: Stopping: jp@gc - Ultimate Thread Group 1-7
2021-10-25 10:12:33,015 INFO o.a.j.t.JMeterThread: Thread finished: jp@gc - Ultimate Thread Group 1-70
2021-10-25 10:12:33,015 INFO o.a.j.t.JMeterThread: Thread finished: jp@gc - Ultimate Thread Group 1-6
2021-10-25 10:12:33,015 WARN o.a.j.t.JMeterThread: The delay timer was interrupted - probably did not wait as long as intended.
2021-10-25 10:12:33,015 INFO o.a.j.t.JMeterThread: Thread started: jp@gc - Ultimate Thread Group 1-80
2021-10-25 10:12:33,015 WARN o.a.j.t.JMeterThread: The delay timer was interrupted - probably did not wait as long as intended.
2021-10-25 10:12:33,015 INFO o.a.j.t.JMeterThread: Thread finished: jp@gc - Ultimate Thread Group 1-84
2021-10-25 10:12:33,015 INFO o.a.j.t.JMeterThread: Stopping: jp@gc - Ultimate Thread Group 1-38
2021-10-25 10:12:33,015 INFO o.a.j.t.JMeterThread: Thread finished: jp@gc - Ultimate Thread Group 1-81
2021-10-25 10:12:33,015 INFO o.a.j.t.JMeterThread: Thread finished: jp@gc - Ultimate Thread Group 1-80
2021-10-25 10:12:33,015 INFO o.a.j.t.JMeterThread: Thread finished: jp@gc - Ultimate Thread Group 1-7
2021-10-25 10:12:33,015 INFO o.a.j.t.JMeterThread: Stopping: jp@gc - Ultimate Thread Group 1-45
2021-10-25 10:12:33,015 WARN o.a.j.t.JMeterThread: The delay timer was interrupted - probably did not wait as long as intended.
2021-10-25 10:12:33,016 INFO o.a.j.t.JMeterThread: Stopping: jp@gc - Ultimate Thread Group 1-72
2021-10-25 10:12:33,016 WARN o.a.j.t.JMeterThread: The delay timer was interrupted - probably did not wait as long as intended.
2021-10-25 10:12:33,016 INFO o.a.j.t.JMeterThread: Thread finished: jp@gc - Ultimate Thread Group 1-38
2021-10-25 10:12:33,016 INFO o.a.j.t.JMeterThread: Stopping: jp@gc - Ultimate Thread Group 1-60
2021-10-25 10:12:33,016 INFO o.a.j.t.JMeterThread: Thread finished: jp@gc - Ultimate Thread Group 1-45
2021-10-25 10:12:33,016 INFO o.a.j.t.JMeterThread: Stopping: jp@gc - Ultimate Thread Group 1-63
2021-10-25 10:12:33,016 WARN o.a.j.t.JMeterThread: The delay timer was interrupted - probably did not wait as long as intended.
2021-10-25 10:12:33,016 INFO o.a.j.t.JMeterThread: Thread started: jp@gc - Ultimate Thread Group 1-72
2021-10-25 10:12:33,016 INFO o.a.j.t.JMeterThread: Stopping: jp@gc - Ultimate Thread Group 1-76
2021-10-25 10:12:33,016 INFO o.a.j.t.JMeterThread: Thread finished: jp@gc - Ultimate Thread Group 1-60
2021-10-25 10:12:33,016 INFO o.a.j.t.JMeterThread: Thread finished: jp@gc - Ultimate Thread Group 1-72
2021-10-25 10:12:33,016 INFO o.a.j.t.JMeterThread: Thread started: jp@gc - Ultimate Thread Group 1-63
2021-10-25 10:12:33,016 INFO o.a.j.t.JMeterThread: Stopping: jp@gc - Ultimate Thread Group 1-25
2021-10-25 10:12:33,016 INFO o.a.j.t.JMeterThread: Thread started: jp@gc - Ultimate Thread Group 1-76
2021-10-25 10:12:33,016 INFO o.a.j.t.JMeterThread: Thread finished: jp@gc - Ultimate Thread Group 1-63
2021-10-25 10:12:33,016 WARN o.a.j.t.JMeterThread: The delay timer was interrupted - probably did not wait as long as intended.
2021-10-25 10:12:33,017 INFO o.a.j.t.JMeterThread: Thread finished: jp@gc - Ultimate Thread Group 1-76
2021-10-25 10:12:33,017 INFO o.a.j.t.JMeterThread: Stopping: jp@gc - Ultimate Thread Group 1-48
2021-10-25 10:12:33,017 INFO o.a.j.t.JMeterThread: Stopping: jp@gc - Ultimate Thread Group 1-96
2021-10-25 10:12:33,017 WARN o.a.j.t.JMeterThread: The delay timer was interrupted - probably did not wait as long as intended.
2021-10-25 10:12:33,017 INFO o.a.j.t.JMeterThread: Thread finished: jp@gc - Ultimate Thread Group 1-25
2021-10-25 10:12:33,017 INFO o.a.j.t.JMeterThread: Stopping: jp@gc - Ultimate Thread Group 1-65
2021-10-25 10:12:33,017 WARN o.a.j.t.JMeterThread: The delay timer was interrupted - probably did not wait as long as intended.
2021-10-25 10:12:33,017 INFO o.a.j.t.JMeterThread: Stopping: jp@gc - Ultimate Thread Group 1-1
2021-10-25 10:12:33,017 INFO o.a.j.t.JMeterThread: Thread finished: jp@gc - Ultimate Thread Group 1-48
2021-10-25 10:12:33,017 INFO o.a.j.t.JMeterThread: Thread started: jp@gc - Ultimate Thread Group 1-65
2021-10-25 10:12:33,017 WARN o.a.j.t.JMeterThread: The delay timer was interrupted - probably did not wait as long as intended.
2021-10-25 10:12:33,017 INFO o.a.j.t.JMeterThread: Stopping: jp@gc - Ultimate Thread Group 1-12
2021-10-25 10:12:33,017 INFO o.a.j.t.JMeterThread: Thread finished: jp@gc - Ultimate Thread Group 1-96
2021-10-25 10:12:33,017 INFO o.a.j.t.JMeterThread: Thread finished: jp@gc - Ultimate Thread Group 1-65
2021-10-25 10:12:33,017 INFO o.a.j.t.JMeterThread: Stopping: jp@gc - Ultimate Thread Group 1-19
2021-10-25 10:12:33,017 INFO o.a.j.t.JMeterThread: Thread finished: jp@gc - Ultimate Thread Group 1-1
2021-10-25 10:12:33,017 WARN o.a.j.t.JMeterThread: The delay timer was interrupted - probably did not wait as long as intended.
2021-10-25 10:12:33,018 INFO o.a.j.t.JMeterThread: Stopping: jp@gc - Ultimate Thread Group 1-89
2021-10-25 10:12:33,018 WARN o.a.j.t.JMeterThread: The delay timer was interrupted - probably did not wait as long as intended.
2021-10-25 10:12:33,018 INFO o.a.j.t.JMeterThread: Thread finished: jp@gc - Ultimate Thread Group 1-12
2021-10-25 10:12:33,018 INFO o.a.j.t.JMeterThread: Stopping: jp@gc - Ultimate Thread Group 1-98
2021-10-25 10:12:33,018 WARN o.a.j.t.JMeterThread: The delay timer was interrupted - probably did not wait as long as intended.
2021-10-25 10:12:33,018 INFO o.a.j.t.JMeterThread: Thread finished: jp@gc - Ultimate Thread Group 1-19
2021-10-25 10:12:33,018 WARN o.a.j.t.JMeterThread: The delay timer was interrupted - probably did not wait as long as intended.
2021-10-25 10:12:33,018 INFO o.a.j.t.JMeterThread: Thread finished: jp@gc - Ultimate Thread Group 1-89
2021-10-25 10:12:33,018 INFO o.a.j.t.JMeterThread: Stopping: jp@gc - Ultimate Thread Group 1-13
2021-10-25 10:12:33,018 INFO o.a.j.t.JMeterThread: Stopping: jp@gc - Ultimate Thread Group 1-71
2021-10-25 10:12:33,018 INFO o.a.j.t.JMeterThread: Thread finished: jp@gc - Ultimate Thread Group 1-98
2021-10-25 10:12:33,018 WARN o.a.j.t.JMeterThread: The delay timer was interrupted - probably did not wait as long as intended.
2021-10-25 10:12:33,018 INFO o.a.j.t.JMeterThread: Stopping: jp@gc - Ultimate Thread Group 1-26
2021-10-25 10:12:33,018 INFO o.a.j.t.JMeterThread: Thread started: jp@gc - Ultimate Thread Group 1-71
2021-10-25 10:12:33,018 INFO o.a.j.t.JMeterThread: Thread finished: jp@gc - Ultimate Thread Group 1-13
2021-10-25 10:12:33,018 WARN o.a.j.t.JMeterThread: The delay timer was interrupted - probably did not wait as long as intended.
2021-10-25 10:12:33,018 INFO o.a.j.t.JMeterThread: Stopping: jp@gc - Ultimate Thread Group 1-28
2021-10-25 10:12:33,018 INFO o.a.j.t.JMeterThread: Thread finished: jp@gc - Ultimate Thread Group 1-71
2021-10-25 10:12:33,019 WARN o.a.j.t.JMeterThread: The delay timer was interrupted - probably did not wait as long as intended.
2021-10-25 10:12:33,019 INFO o.a.j.t.JMeterThread: Thread finished: jp@gc - Ultimate Thread Group 1-26
2021-10-25 10:12:33,019 INFO o.a.j.t.JMeterThread: Stopping: jp@gc - Ultimate Thread Group 1-82
2021-10-25 10:12:33,019 INFO o.a.j.t.JMeterThread: Thread finished: jp@gc - Ultimate Thread Group 1-28
2021-10-25 10:12:33,019 INFO o.a.j.t.JMeterThread: Stopping: jp@gc - Ultimate Thread Group 1-2
2021-10-25 10:12:33,019 INFO o.a.j.t.JMeterThread: Stopping: jp@gc - Ultimate Thread Group 1-66
2021-10-25 10:12:33,019 INFO o.a.j.t.JMeterThread: Thread started: jp@gc - Ultimate Thread Group 1-82
2021-10-25 10:12:33,019 WARN o.a.j.t.JMeterThread: The delay timer was interrupted - probably did not wait as long as intended.
2021-10-25 10:12:33,019 INFO o.a.j.t.JMeterThread: Stopping: jp@gc - Ultimate Thread Group 1-88
2021-10-25 10:12:33,019 INFO o.a.j.t.JMeterThread: Stopping: jp@gc - Ultimate Thread Group 1-59
2021-10-25 10:12:33,019 INFO o.a.j.t.JMeterThread: Thread started: jp@gc - Ultimate Thread Group 1-66
2021-10-25 10:12:33,019 INFO o.a.j.t.JMeterThread: Thread finished: jp@gc - Ultimate Thread Group 1-82
2021-10-25 10:12:33,019 WARN o.a.j.t.JMeterThread: The delay timer was interrupted - probably did not wait as long as intended.
2021-10-25 10:12:33,019 INFO o.a.j.t.JMeterThread: Stopping: jp@gc - Ultimate Thread Group 1-31
2021-10-25 10:12:33,019 WARN o.a.j.t.JMeterThread: The delay timer was interrupted - probably did not wait as long as intended.
2021-10-25 10:12:33,019 INFO o.a.j.t.JMeterThread: Thread finished: jp@gc - Ultimate Thread Group 1-2
2021-10-25 10:12:33,019 INFO o.a.j.t.JMeterThread: Stopping: jp@gc - Ultimate Thread Group 1-9
2021-10-25 10:12:33,019 INFO o.a.j.t.JMeterThread: Thread finished: jp@gc - Ultimate Thread Group 1-88
2021-10-25 10:12:33,019 WARN o.a.j.t.JMeterThread: The delay timer was interrupted - probably did not wait as long as intended.
2021-10-25 10:12:33,019 INFO o.a.j.t.JMeterThread: Thread finished: jp@gc - Ultimate Thread Group 1-66
2021-10-25 10:12:33,020 INFO o.a.j.t.JMeterThread: Stopping: jp@gc - Ultimate Thread Group 1-53
2021-10-25 10:12:33,020 WARN o.a.j.t.JMeterThread: The delay timer was interrupted - probably did not wait as long as intended.
2021-10-25 10:12:33,020 INFO o.a.j.t.JMeterThread: Thread finished: jp@gc - Ultimate Thread Group 1-59
2021-10-25 10:12:33,020 INFO o.a.j.t.JMeterThread: Thread finished: jp@gc - Ultimate Thread Group 1-31
2021-10-25 10:12:33,020 INFO o.a.j.t.JMeterThread: Stopping: jp@gc - Ultimate Thread Group 1-39
2021-10-25 10:12:33,020 WARN o.a.j.t.JMeterThread: The delay timer was interrupted - probably did not wait as long as intended.
2021-10-25 10:12:33,020 INFO o.a.j.t.JMeterThread: Thread finished: jp@gc - Ultimate Thread Group 1-9
2021-10-25 10:12:33,020 INFO o.a.j.t.JMeterThread: Stopping: jp@gc - Ultimate Thread Group 1-55
2021-10-25 10:12:33,020 WARN o.a.j.t.JMeterThread: The delay timer was interrupted - probably did not wait as long as intended.
2021-10-25 10:12:33,020 INFO o.a.j.t.JMeterThread: Thread finished: jp@gc - Ultimate Thread Group 1-53
2021-10-25 10:12:33,020 WARN o.a.j.t.JMeterThread: The delay timer was interrupted - probably did not wait as long as intended.
2021-10-25 10:12:33,020 INFO o.a.j.t.JMeterThread: Stopping: jp@gc - Ultimate Thread Group 1-47
2021-10-25 10:12:33,020 INFO o.a.j.t.JMeterThread: Thread finished: jp@gc - Ultimate Thread Group 1-39
2021-10-25 10:12:33,020 INFO o.a.j.t.JMeterThread: Thread finished: jp@gc - Ultimate Thread Group 1-55
2021-10-25 10:12:33,020 WARN o.a.j.t.JMeterThread: The delay timer was interrupted - probably did not wait as long as intended.
2021-10-25 10:12:33,020 INFO o.a.j.t.JMeterThread: Stopping: jp@gc - Ultimate Thread Group 1-14
2021-10-25 10:12:33,021 INFO o.a.j.t.JMeterThread: Stopping: jp@gc - Ultimate Thread Group 1-37
2021-10-25 10:12:33,021 WARN o.a.j.t.JMeterThread: The delay timer was interrupted - probably did not wait as long as intended.
2021-10-25 10:12:33,021 INFO o.a.j.t.JMeterThread: Thread finished: jp@gc - Ultimate Thread Group 1-47
2021-10-25 10:12:33,021 INFO o.a.j.t.JMeterThread: Stopping: jp@gc - Ultimate Thread Group 1-42
2021-10-25 10:12:33,021 INFO o.a.j.t.JMeterThread: Thread finished: jp@gc - Ultimate Thread Group 1-14
2021-10-25 10:12:33,021 WARN o.a.j.t.JMeterThread: The delay timer was interrupted - probably did not wait as long as intended.
2021-10-25 10:12:33,021 WARN o.a.j.t.JMeterThread: The delay timer was interrupted - probably did not wait as long as intended.
2021-10-25 10:12:33,021 INFO o.a.j.t.JMeterThread: Thread finished: jp@gc - Ultimate Thread Group 1-37
2021-10-25 10:12:33,021 INFO o.a.j.t.JMeterThread: Thread finished: jp@gc - Ultimate Thread Group 1-42
2021-10-25 10:12:33,021 INFO o.a.j.t.JMeterThread: Stopping: jp@gc - Ultimate Thread Group 1-23
2021-10-25 10:12:33,021 INFO o.a.j.t.JMeterThread: Stopping: jp@gc - Ultimate Thread Group 1-49
2021-10-25 10:12:33,021 INFO o.a.j.t.JMeterThread: Stopping: jp@gc - Ultimate Thread Group 1-61
2021-10-25 10:12:33,021 WARN o.a.j.t.JMeterThread: The delay timer was interrupted - probably did not wait as long as intended.
2021-10-25 10:12:33,021 WARN o.a.j.t.JMeterThread: The delay timer was interrupted - probably did not wait as long as intended.
2021-10-25 10:12:33,021 INFO o.a.j.t.JMeterThread: Stopping: jp@gc - Ultimate Thread Group 1-57
2021-10-25 10:12:33,021 INFO o.a.j.t.JMeterThread: Stopping: jp@gc - Ultimate Thread Group 1-50
2021-10-25 10:12:33,021 WARN o.a.j.t.JMeterThread: The delay timer was interrupted - probably did not wait as long as intended.
2021-10-25 10:12:33,021 INFO o.a.j.t.JMeterThread: Thread finished: jp@gc - Ultimate Thread Group 1-23
2021-10-25 10:12:33,021 INFO o.a.j.t.JMeterThread: Thread started: jp@gc - Ultimate Thread Group 1-61
2021-10-25 10:12:33,022 INFO o.a.j.t.JMeterThread: Stopping: jp@gc - Ultimate Thread Group 1-69
2021-10-25 10:12:33,022 WARN o.a.j.t.JMeterThread: The delay timer was interrupted - probably did not wait as long as intended.
2021-10-25 10:12:33,021 INFO o.a.j.t.JMeterThread: Thread finished: jp@gc - Ultimate Thread Group 1-49
2021-10-25 10:12:33,022 INFO o.a.j.t.JMeterThread: Thread finished: jp@gc - Ultimate Thread Group 1-57
2021-10-25 10:12:33,022 INFO o.a.j.t.JMeterThread: Stopping: jp@gc - Ultimate Thread Group 1-93
2021-10-25 10:12:33,022 INFO o.a.j.t.JMeterThread: Thread finished: jp@gc - Ultimate Thread Group 1-50
2021-10-25 10:12:33,022 WARN o.a.j.t.JMeterThread: The delay timer was interrupted - probably did not wait as long as intended.
2021-10-25 10:12:33,022 INFO o.a.j.t.JMeterThread: Stopping: jp@gc - Ultimate Thread Group 1-68
2021-10-25 10:12:33,022 INFO o.a.j.t.JMeterThread: Thread started: jp@gc - Ultimate Thread Group 1-69
2021-10-25 10:12:33,022 INFO o.a.j.t.JMeterThread: Thread finished: jp@gc - Ultimate Thread Group 1-61
2021-10-25 10:12:33,022 INFO o.a.j.t.JMeterThread: Stopping: jp@gc - Ultimate Thread Group 1-8
2021-10-25 10:12:33,022 INFO o.a.j.t.JMeterThread: Thread finished: jp@gc - Ultimate Thread Group 1-93
2021-10-25 10:12:33,022 INFO o.a.j.t.JMeterThread: Thread finished: jp@gc - Ultimate Thread Group 1-69
2021-10-25 10:12:33,022 INFO o.a.j.t.JMeterThread: Thread started: jp@gc - Ultimate Thread Group 1-68
2021-10-25 10:12:33,022 INFO o.a.j.t.JMeterThread: Stopping: jp@gc - Ultimate Thread Group 1-46
2021-10-25 10:12:33,022 WARN o.a.j.t.JMeterThread: The delay timer was interrupted - probably did not wait as long as intended.
2021-10-25 10:12:33,022 INFO o.a.j.t.JMeterThread: Stopping: jp@gc - Ultimate Thread Group 1-17
2021-10-25 10:12:33,022 WARN o.a.j.t.JMeterThread: The delay timer was interrupted - probably did not wait as long as intended.
2021-10-25 10:12:33,023 INFO o.a.j.t.JMeterThread: Stopping: jp@gc - Ultimate Thread Group 1-83
2021-10-25 10:12:33,022 INFO o.a.j.t.JMeterThread: Thread finished: jp@gc - Ultimate Thread Group 1-68
2021-10-25 10:12:33,023 WARN o.a.j.t.JMeterThread: The delay timer was interrupted - probably did not wait as long as intended.
2021-10-25 10:12:33,023 INFO o.a.j.t.JMeterThread: Thread finished: jp@gc - Ultimate Thread Group 1-8
2021-10-25 10:12:33,023 WARN o.a.j.t.JMeterThread: The delay timer was interrupted - probably did not wait as long as intended.
2021-10-25 10:12:33,023 INFO o.a.j.t.JMeterThread: Stopping: jp@gc - Ultimate Thread Group 1-24
2021-10-25 10:12:33,023 INFO o.a.j.t.JMeterThread: Thread finished: jp@gc - Ultimate Thread Group 1-17
2021-10-25 10:12:33,023 INFO o.a.j.t.JMeterThread: Thread finished: jp@gc - Ultimate Thread Group 1-46
2021-10-25 10:12:33,023 INFO o.a.j.t.JMeterThread: Stopping: jp@gc - Ultimate Thread Group 1-85
2021-10-25 10:12:33,023 WARN o.a.j.t.JMeterThread: The delay timer was interrupted - probably did not wait as long as intended.
2021-10-25 10:12:33,023 INFO o.a.j.t.JMeterThread: Stopping: jp@gc - Ultimate Thread Group 1-99
2021-10-25 10:12:33,023 INFO o.a.j.t.JMeterThread: Thread finished: jp@gc - Ultimate Thread Group 1-83
2021-10-25 10:12:33,023 WARN o.a.j.t.JMeterThread: The delay timer was interrupted - probably did not wait as long as intended.
2021-10-25 10:12:33,023 INFO o.a.j.t.JMeterThread: Thread finished: jp@gc - Ultimate Thread Group 1-24
2021-10-25 10:12:33,023 WARN o.a.j.t.JMeterThread: The delay timer was interrupted - probably did not wait as long as intended.
2021-10-25 10:12:33,023 INFO o.a.j.t.JMeterThread: Stopping: jp@gc - Ultimate Thread Group 1-34
2021-10-25 10:12:33,023 INFO o.a.j.t.JMeterThread: Thread finished: jp@gc - Ultimate Thread Group 1-85
2021-10-25 10:12:33,023 INFO o.a.j.t.JMeterThread: Thread finished: jp@gc - Ultimate Thread Group 1-99
2021-10-25 10:12:33,023 INFO o.a.j.t.JMeterThread: Stopping: jp@gc - Ultimate Thread Group 1-21
2021-10-25 10:12:33,024 WARN o.a.j.t.JMeterThread: The delay timer was interrupted - probably did not wait as long as intended.
2021-10-25 10:12:33,024 INFO o.a.j.t.JMeterThread: Stopping: jp@gc - Ultimate Thread Group 1-51
2021-10-25 10:12:33,024 WARN o.a.j.t.JMeterThread: The delay timer was interrupted - probably did not wait as long as intended.
2021-10-25 10:12:33,024 INFO o.a.j.t.JMeterThread: Stopping: jp@gc - Ultimate Thread Group 1-11
2021-10-25 10:12:33,024 WARN o.a.j.t.JMeterThread: The delay timer was interrupted - probably did not wait as long as intended.
2021-10-25 10:12:33,024 INFO o.a.j.t.JMeterThread: Stopping: jp@gc - Ultimate Thread Group 1-100
2021-10-25 10:12:33,024 INFO o.a.j.t.JMeterThread: Thread finished: jp@gc - Ultimate Thread Group 1-34
2021-10-25 10:12:33,024 WARN o.a.j.t.JMeterThread: The delay timer was interrupted - probably did not wait as long as intended.
2021-10-25 10:12:33,024 INFO o.a.j.t.JMeterThread: Thread finished: jp@gc - Ultimate Thread Group 1-21
2021-10-25 10:12:33,024 INFO o.a.j.t.JMeterThread: Stopping: jp@gc - Ultimate Thread Group 1-20
2021-10-25 10:12:33,024 INFO o.a.j.t.JMeterThread: Thread finished: jp@gc - Ultimate Thread Group 1-51
2021-10-25 10:12:33,024 INFO o.a.j.t.JMeterThread: Thread finished: jp@gc - Ultimate Thread Group 1-11
2021-10-25 10:12:33,024 WARN o.a.j.t.JMeterThread: The delay timer was interrupted - probably did not wait as long as intended.
2021-10-25 10:12:33,024 WARN o.a.j.t.JMeterThread: The delay timer was interrupted - probably did not wait as long as intended.
2021-10-25 10:12:33,024 INFO o.a.j.t.JMeterThread: Stopping: jp@gc - Ultimate Thread Group 1-62
2021-10-25 10:12:33,024 INFO o.a.j.t.JMeterThread: Stopping: jp@gc - Ultimate Thread Group 1-27
2021-10-25 10:12:33,024 INFO o.a.j.t.JMeterThread: Thread finished: jp@gc - Ultimate Thread Group 1-20
2021-10-25 10:12:33,024 INFO o.a.j.t.JMeterThread: Thread finished: jp@gc - Ultimate Thread Group 1-100
2021-10-25 10:12:33,024 INFO o.a.j.t.JMeterThread: Thread started: jp@gc - Ultimate Thread Group 1-62
2021-10-25 10:12:33,024 WARN o.a.j.t.JMeterThread: The delay timer was interrupted - probably did not wait as long as intended.
2021-10-25 10:12:33,025 INFO o.a.j.t.JMeterThread: Thread finished: jp@gc - Ultimate Thread Group 1-62
2021-10-25 10:12:33,025 INFO o.a.j.t.JMeterThread: Thread finished: jp@gc - Ultimate Thread Group 1-27
2021-10-25 10:12:33,025 INFO o.a.j.e.StandardJMeterEngine: Notifying test listeners of end of test
2021-10-25 10:12:33,025 INFO o.a.j.g.u.JMeterMenuBar: setRunning(false, *local*)
2021-10-25 10:12:49,545 INFO o.a.j.e.StandardJMeterEngine: Running the test!
2021-10-25 10:12:49,546 INFO o.a.j.s.SampleEvent: List of sample_variables: []
2021-10-25 10:12:49,547 INFO o.a.j.g.u.JMeterMenuBar: setRunning(true, *local*)
2021-10-25 10:12:49,588 INFO o.a.j.e.StandardJMeterEngine: Starting ThreadGroup: 1 : jp@gc - Ultimate Thread Group
2021-10-25 10:12:49,589 INFO o.a.j.e.StandardJMeterEngine: Starting 100 threads for group jp@gc - Ultimate Thread Group.
2021-10-25 10:12:49,589 INFO o.a.j.e.StandardJMeterEngine: Thread will continue on error
2021-10-25 10:12:49,589 INFO k.a.j.t.AbstractSimpleThreadGroup: Starting thread group number 1 threads 100
2021-10-25 10:12:49,590 INFO o.a.j.t.JMeterThread: Thread started: jp@gc - Ultimate Thread Group 1-1
2021-10-25 10:12:49,590 INFO o.a.j.t.JMeterThread: Thread started: jp@gc - Ultimate Thread Group 1-2
2021-10-25 10:12:49,590 INFO o.a.j.t.JMeterThread: Thread started: jp@gc - Ultimate Thread Group 1-3
2021-10-25 10:12:49,591 INFO o.a.j.t.JMeterThread: Thread started: jp@gc - Ultimate Thread Group 1-4
2021-10-25 10:12:49,591 INFO o.a.j.t.JMeterThread: Thread started: jp@gc - Ultimate Thread Group 1-5
2021-10-25 10:12:49,591 INFO o.a.j.t.JMeterThread: Thread started: jp@gc - Ultimate Thread Group 1-6
2021-10-25 10:12:49,592 INFO o.a.j.t.JMeterThread: Thread started: jp@gc - Ultimate Thread Group 1-7
2021-10-25 10:12:49,592 INFO o.a.j.t.JMeterThread: Thread started: jp@gc - Ultimate Thread Group 1-8
2021-10-25 10:12:49,593 INFO o.a.j.t.JMeterThread: Thread started: jp@gc - Ultimate Thread Group 1-9
2021-10-25 10:12:49,593 INFO o.a.j.t.JMeterThread: Thread started: jp@gc - Ultimate Thread Group 1-10
2021-10-25 10:12:49,620 INFO k.a.j.t.AbstractSimpleThreadGroup: Started thread group number 1
2021-10-25 10:12:49,620 INFO o.a.j.e.StandardJMeterEngine: All thread groups have been started
2021-10-25 10:12:49,785 INFO o.a.j.p.h.s.HTTPHCAbstractImpl: Local host = WAYNBROW-M-F7ED
2021-10-25 10:12:49,791 INFO o.a.j.p.h.s.HTTPHC4Impl: HTTP request retry count = 0
2021-10-25 10:12:50,226 INFO o.a.j.p.h.s.h.LazyLayeredConnectionSocketFactory: Setting up HTTPS TrustAll Socket Factory
2021-10-25 10:12:50,228 INFO o.a.j.u.JsseSSLManager: Using default SSL protocol: TLS
2021-10-25 10:12:50,228 INFO o.a.j.u.JsseSSLManager: SSL session context: per-thread
2021-10-25 10:12:50,252 INFO o.a.j.u.SSLManager: JmeterKeyStore Location:  type JKS
2021-10-25 10:12:50,253 INFO o.a.j.u.SSLManager: KeyStore created OK
2021-10-25 10:12:50,253 WARN o.a.j.u.SSLManager: Keystore file not found, loading empty keystore
2021-10-25 10:13:20,091 INFO o.a.j.t.JMeterThread: Thread started: jp@gc - Ultimate Thread Group 1-30
2021-10-25 10:13:20,594 INFO o.a.j.t.JMeterThread: Thread started: jp@gc - Ultimate Thread Group 1-29
2021-10-25 10:13:21,094 INFO o.a.j.t.JMeterThread: Thread started: jp@gc - Ultimate Thread Group 1-28
2021-10-25 10:13:21,592 INFO o.a.j.t.JMeterThread: Thread started: jp@gc - Ultimate Thread Group 1-27
2021-10-25 10:13:22,094 INFO o.a.j.t.JMeterThread: Thread started: jp@gc - Ultimate Thread Group 1-26
2021-10-25 10:13:22,594 INFO o.a.j.t.JMeterThread: Thread started: jp@gc - Ultimate Thread Group 1-25
2021-10-25 10:13:23,090 INFO o.a.j.t.JMeterThread: Thread started: jp@gc - Ultimate Thread Group 1-24
2021-10-25 10:13:23,594 INFO o.a.j.t.JMeterThread: Thread started: jp@gc - Ultimate Thread Group 1-23
2021-10-25 10:13:24,094 INFO o.a.j.t.JMeterThread: Thread started: jp@gc - Ultimate Thread Group 1-22
2021-10-25 10:13:24,594 INFO o.a.j.t.JMeterThread: Thread started: jp@gc - Ultimate Thread Group 1-21
2021-10-25 10:13:25,094 INFO o.a.j.t.JMeterThread: Thread started: jp@gc - Ultimate Thread Group 1-20
2021-10-25 10:13:25,590 INFO o.a.j.t.JMeterThread: Thread started: jp@gc - Ultimate Thread Group 1-19
2021-10-25 10:13:26,091 INFO o.a.j.t.JMeterThread: Thread started: jp@gc - Ultimate Thread Group 1-18
2021-10-25 10:13:26,594 INFO o.a.j.t.JMeterThread: Thread started: jp@gc - Ultimate Thread Group 1-17
2021-10-25 10:13:27,094 INFO o.a.j.t.JMeterThread: Thread started: jp@gc - Ultimate Thread Group 1-16
2021-10-25 10:13:27,594 INFO o.a.j.t.JMeterThread: Thread started: jp@gc - Ultimate Thread Group 1-15
2021-10-25 10:13:28,094 INFO o.a.j.t.JMeterThread: Thread started: jp@gc - Ultimate Thread Group 1-14
2021-10-25 10:13:28,594 INFO o.a.j.t.JMeterThread: Thread started: jp@gc - Ultimate Thread Group 1-13
2021-10-25 10:13:29,094 INFO o.a.j.t.JMeterThread: Thread started: jp@gc - Ultimate Thread Group 1-12
2021-10-25 10:13:29,594 INFO o.a.j.t.JMeterThread: Thread started: jp@gc - Ultimate Thread Group 1-11
2021-10-25 10:13:50,257 INFO o.a.j.t.JMeterThread: Thread started: jp@gc - Ultimate Thread Group 1-60
2021-10-25 10:13:50,922 INFO o.a.j.t.JMeterThread: Thread started: jp@gc - Ultimate Thread Group 1-59
2021-10-25 10:13:51,590 INFO o.a.j.t.JMeterThread: Thread started: jp@gc - Ultimate Thread Group 1-58
2021-10-25 10:13:52,255 INFO o.a.j.t.JMeterThread: Thread started: jp@gc - Ultimate Thread Group 1-57
2021-10-25 10:13:52,925 INFO o.a.j.t.JMeterThread: Thread started: jp@gc - Ultimate Thread Group 1-56
2021-10-25 10:13:53,594 INFO o.a.j.t.JMeterThread: Thread started: jp@gc - Ultimate Thread Group 1-55
2021-10-25 10:13:54,257 INFO o.a.j.t.JMeterThread: Thread started: jp@gc - Ultimate Thread Group 1-54
2021-10-25 10:13:54,924 INFO o.a.j.t.JMeterThread: Thread started: jp@gc - Ultimate Thread Group 1-53
2021-10-25 10:13:55,594 INFO o.a.j.t.JMeterThread: Thread started: jp@gc - Ultimate Thread Group 1-52
2021-10-25 10:13:56,257 INFO o.a.j.t.JMeterThread: Thread started: jp@gc - Ultimate Thread Group 1-51
2021-10-25 10:13:56,927 INFO o.a.j.t.JMeterThread: Thread started: jp@gc - Ultimate Thread Group 1-50
2021-10-25 10:13:57,589 INFO o.a.j.t.JMeterThread: Thread started: jp@gc - Ultimate Thread Group 1-49
2021-10-25 10:13:58,257 INFO o.a.j.t.JMeterThread: Thread started: jp@gc - Ultimate Thread Group 1-48
2021-10-25 10:13:58,923 INFO o.a.j.t.JMeterThread: Thread started: jp@gc - Ultimate Thread Group 1-47
2021-10-25 10:13:59,592 INFO o.a.j.t.JMeterThread: Thread started: jp@gc - Ultimate Thread Group 1-46
2021-10-25 10:14:00,255 INFO o.a.j.t.JMeterThread: Thread started: jp@gc - Ultimate Thread Group 1-45
2021-10-25 10:14:00,924 INFO o.a.j.t.JMeterThread: Thread started: jp@gc - Ultimate Thread Group 1-44
2021-10-25 10:14:01,594 INFO o.a.j.t.JMeterThread: Thread started: jp@gc - Ultimate Thread Group 1-43
2021-10-25 10:14:02,257 INFO o.a.j.t.JMeterThread: Thread started: jp@gc - Ultimate Thread Group 1-42
2021-10-25 10:14:02,924 INFO o.a.j.t.JMeterThread: Thread started: jp@gc - Ultimate Thread Group 1-41
2021-10-25 10:14:03,594 INFO o.a.j.t.JMeterThread: Thread started: jp@gc - Ultimate Thread Group 1-40
2021-10-25 10:14:04,255 INFO o.a.j.t.JMeterThread: Thread started: jp@gc - Ultimate Thread Group 1-39
2021-10-25 10:14:04,928 INFO o.a.j.t.JMeterThread: Thread started: jp@gc - Ultimate Thread Group 1-38
2021-10-25 10:14:05,594 INFO o.a.j.t.JMeterThread: Thread started: jp@gc - Ultimate Thread Group 1-37
2021-10-25 10:14:06,259 INFO o.a.j.t.JMeterThread: Thread started: jp@gc - Ultimate Thread Group 1-36
2021-10-25 10:14:06,924 INFO o.a.j.t.JMeterThread: Thread started: jp@gc - Ultimate Thread Group 1-35
2021-10-25 10:14:07,592 INFO o.a.j.t.JMeterThread: Thread started: jp@gc - Ultimate Thread Group 1-34
2021-10-25 10:14:08,258 INFO o.a.j.t.JMeterThread: Thread started: jp@gc - Ultimate Thread Group 1-33
2021-10-25 10:14:08,926 INFO o.a.j.t.JMeterThread: Thread started: jp@gc - Ultimate Thread Group 1-32
2021-10-25 10:14:09,590 INFO o.a.j.t.JMeterThread: Thread started: jp@gc - Ultimate Thread Group 1-31
2021-10-25 10:14:20,339 INFO o.a.j.t.JMeterThread: Thread started: jp@gc - Ultimate Thread Group 1-100
2021-10-25 10:14:21,089 INFO o.a.j.t.JMeterThread: Thread started: jp@gc - Ultimate Thread Group 1-99
2021-10-25 10:14:21,839 INFO o.a.j.t.JMeterThread: Thread started: jp@gc - Ultimate Thread Group 1-98
2021-10-25 10:14:22,595 INFO o.a.j.t.JMeterThread: Thread started: jp@gc - Ultimate Thread Group 1-97
2021-10-25 10:14:23,342 INFO o.a.j.t.JMeterThread: Thread started: jp@gc - Ultimate Thread Group 1-96
2021-10-25 10:14:24,094 INFO o.a.j.t.JMeterThread: Thread started: jp@gc - Ultimate Thread Group 1-95
2021-10-25 10:14:24,842 INFO o.a.j.t.JMeterThread: Thread started: jp@gc - Ultimate Thread Group 1-94
2021-10-25 10:14:25,594 INFO o.a.j.t.JMeterThread: Thread started: jp@gc - Ultimate Thread Group 1-93
2021-10-25 10:14:26,342 INFO o.a.j.t.JMeterThread: Thread started: jp@gc - Ultimate Thread Group 1-92
2021-10-25 10:14:27,093 INFO o.a.j.t.JMeterThread: Thread started: jp@gc - Ultimate Thread Group 1-91
2021-10-25 10:14:27,840 INFO o.a.j.t.JMeterThread: Thread started: jp@gc - Ultimate Thread Group 1-90
2021-10-25 10:14:28,589 INFO o.a.j.t.JMeterThread: Thread started: jp@gc - Ultimate Thread Group 1-89
2021-10-25 10:14:29,340 INFO o.a.j.t.JMeterThread: Thread started: jp@gc - Ultimate Thread Group 1-88
2021-10-25 10:14:30,092 INFO o.a.j.t.JMeterThread: Thread started: jp@gc - Ultimate Thread Group 1-87
2021-10-25 10:14:30,842 INFO o.a.j.t.JMeterThread: Thread started: jp@gc - Ultimate Thread Group 1-86
2021-10-25 10:14:31,591 INFO o.a.j.t.JMeterThread: Thread started: jp@gc - Ultimate Thread Group 1-85
2021-10-25 10:14:32,343 INFO o.a.j.t.JMeterThread: Thread started: jp@gc - Ultimate Thread Group 1-84
2021-10-25 10:14:33,094 INFO o.a.j.t.JMeterThread: Thread started: jp@gc - Ultimate Thread Group 1-83
2021-10-25 10:14:33,842 INFO o.a.j.t.JMeterThread: Thread started: jp@gc - Ultimate Thread Group 1-82
2021-10-25 10:14:34,594 INFO o.a.j.t.JMeterThread: Thread started: jp@gc - Ultimate Thread Group 1-81
2021-10-25 10:14:35,339 INFO o.a.j.t.JMeterThread: Thread started: jp@gc - Ultimate Thread Group 1-80
2021-10-25 10:14:36,090 INFO o.a.j.t.JMeterThread: Thread started: jp@gc - Ultimate Thread Group 1-79
2021-10-25 10:14:36,843 INFO o.a.j.t.JMeterThread: Thread started: jp@gc - Ultimate Thread Group 1-78
2021-10-25 10:14:37,593 INFO o.a.j.t.JMeterThread: Thread started: jp@gc - Ultimate Thread Group 1-77
2021-10-25 10:14:38,340 INFO o.a.j.t.JMeterThread: Thread started: jp@gc - Ultimate Thread Group 1-76
2021-10-25 10:14:39,093 INFO o.a.j.t.JMeterThread: Thread started: jp@gc - Ultimate Thread Group 1-75
2021-10-25 10:14:39,844 INFO o.a.j.t.JMeterThread: Thread started: jp@gc - Ultimate Thread Group 1-74
2021-10-25 10:14:40,593 INFO o.a.j.t.JMeterThread: Thread started: jp@gc - Ultimate Thread Group 1-73
2021-10-25 10:14:41,341 INFO o.a.j.t.JMeterThread: Thread started: jp@gc - Ultimate Thread Group 1-72
2021-10-25 10:14:42,089 INFO o.a.j.t.JMeterThread: Thread started: jp@gc - Ultimate Thread Group 1-71
2021-10-25 10:14:42,840 INFO o.a.j.t.JMeterThread: Thread started: jp@gc - Ultimate Thread Group 1-70
2021-10-25 10:14:43,593 INFO o.a.j.t.JMeterThread: Thread started: jp@gc - Ultimate Thread Group 1-69
2021-10-25 10:14:44,339 INFO o.a.j.t.JMeterThread: Thread started: jp@gc - Ultimate Thread Group 1-68
2021-10-25 10:14:45,090 INFO o.a.j.t.JMeterThread: Thread started: jp@gc - Ultimate Thread Group 1-67
2021-10-25 10:14:45,842 INFO o.a.j.t.JMeterThread: Thread started: jp@gc - Ultimate Thread Group 1-66
2021-10-25 10:14:46,593 INFO o.a.j.t.JMeterThread: Thread started: jp@gc - Ultimate Thread Group 1-65
2021-10-25 10:14:47,339 INFO o.a.j.t.JMeterThread: Thread started: jp@gc - Ultimate Thread Group 1-64
2021-10-25 10:14:48,093 INFO o.a.j.t.JMeterThread: Thread started: jp@gc - Ultimate Thread Group 1-63
2021-10-25 10:14:48,841 INFO o.a.j.t.JMeterThread: Thread started: jp@gc - Ultimate Thread Group 1-62
2021-10-25 10:14:49,593 INFO o.a.j.t.JMeterThread: Thread started: jp@gc - Ultimate Thread Group 1-61
2021-10-25 10:19:11,857 INFO o.a.j.t.JMeterThread: Stopping because end time detected by thread: jp@gc - Ultimate Thread Group 1-60
2021-10-25 10:19:11,858 INFO o.a.j.t.JMeterThread: Thread finished: jp@gc - Ultimate Thread Group 1-60
2021-10-25 10:19:12,854 INFO o.a.j.t.JMeterThread: Stopping because end time detected by thread: jp@gc - Ultimate Thread Group 1-58
2021-10-25 10:19:12,854 INFO o.a.j.t.JMeterThread: Thread finished: jp@gc - Ultimate Thread Group 1-58
2021-10-25 10:19:14,656 INFO o.a.j.t.JMeterThread: Stopping because end time detected by thread: jp@gc - Ultimate Thread Group 1-56
2021-10-25 10:19:14,656 INFO o.a.j.t.JMeterThread: Thread finished: jp@gc - Ultimate Thread Group 1-56
2021-10-25 10:19:15,764 INFO o.a.j.t.JMeterThread: Stopping because end time detected by thread: jp@gc - Ultimate Thread Group 1-55
2021-10-25 10:19:15,765 INFO o.a.j.t.JMeterThread: Thread finished: jp@gc - Ultimate Thread Group 1-55
2021-10-25 10:19:16,356 INFO o.a.j.t.JMeterThread: Thread finished: jp@gc - Ultimate Thread Group 1-54
2021-10-25 10:19:16,838 INFO o.a.j.t.JMeterThread: Stopping because end time detected by thread: jp@gc - Ultimate Thread Group 1-57
2021-10-25 10:19:16,838 INFO o.a.j.t.JMeterThread: Thread finished: jp@gc - Ultimate Thread Group 1-57
2021-10-25 10:19:17,337 INFO o.a.j.t.JMeterThread: Stopping because end time detected by thread: jp@gc - Ultimate Thread Group 1-59
2021-10-25 10:19:17,337 INFO o.a.j.t.JMeterThread: Thread finished: jp@gc - Ultimate Thread Group 1-59
2021-10-25 10:19:18,757 INFO o.a.j.t.JMeterThread: Stopping because end time detected by thread: jp@gc - Ultimate Thread Group 1-53
2021-10-25 10:19:18,758 INFO o.a.j.t.JMeterThread: Thread finished: jp@gc - Ultimate Thread Group 1-53
2021-10-25 10:19:21,051 INFO o.a.j.t.JMeterThread: Stopping because end time detected by thread: jp@gc - Ultimate Thread Group 1-50
2021-10-25 10:19:21,051 INFO o.a.j.t.JMeterThread: Thread finished: jp@gc - Ultimate Thread Group 1-50
2021-10-25 10:19:22,638 INFO o.a.j.t.JMeterThread: Stopping because end time detected by thread: jp@gc - Ultimate Thread Group 1-51
2021-10-25 10:19:22,638 INFO o.a.j.t.JMeterThread: Thread finished: jp@gc - Ultimate Thread Group 1-51
2021-10-25 10:19:22,723 INFO o.a.j.t.JMeterThread: Stopping because end time detected by thread: jp@gc - Ultimate Thread Group 1-52
2021-10-25 10:19:22,723 INFO o.a.j.t.JMeterThread: Thread finished: jp@gc - Ultimate Thread Group 1-52
2021-10-25 10:19:23,546 INFO o.a.j.t.JMeterThread: Stopping because end time detected by thread: jp@gc - Ultimate Thread Group 1-49
2021-10-25 10:19:23,546 INFO o.a.j.t.JMeterThread: Thread finished: jp@gc - Ultimate Thread Group 1-49
2021-10-25 10:19:24,069 INFO o.a.j.t.JMeterThread: Stopping because end time detected by thread: jp@gc - Ultimate Thread Group 1-48
2021-10-25 10:19:24,069 INFO o.a.j.t.JMeterThread: Thread finished: jp@gc - Ultimate Thread Group 1-48
2021-10-25 10:19:24,732 INFO o.a.j.t.JMeterThread: Stopping because end time detected by thread: jp@gc - Ultimate Thread Group 1-46
2021-10-25 10:19:24,732 INFO o.a.j.t.JMeterThread: Thread finished: jp@gc - Ultimate Thread Group 1-46
2021-10-25 10:19:26,253 INFO o.a.j.t.JMeterThread: Thread finished: jp@gc - Ultimate Thread Group 1-44
2021-10-25 10:19:27,851 INFO o.a.j.t.JMeterThread: Stopping because end time detected by thread: jp@gc - Ultimate Thread Group 1-47
2021-10-25 10:19:27,851 INFO o.a.j.t.JMeterThread: Thread finished: jp@gc - Ultimate Thread Group 1-47
2021-10-25 10:19:30,262 INFO o.a.j.t.JMeterThread: Stopping because end time detected by thread: jp@gc - Ultimate Thread Group 1-42
2021-10-25 10:19:30,263 INFO o.a.j.t.JMeterThread: Thread finished: jp@gc - Ultimate Thread Group 1-42
2021-10-25 10:19:30,349 INFO o.a.j.t.JMeterThread: Stopping because end time detected by thread: jp@gc - Ultimate Thread Group 1-43
2021-10-25 10:19:30,349 INFO o.a.j.t.JMeterThread: Thread finished: jp@gc - Ultimate Thread Group 1-43
2021-10-25 10:19:31,878 INFO o.a.j.t.JMeterThread: Stopping because end time detected by thread: jp@gc - Ultimate Thread Group 1-40
2021-10-25 10:19:31,878 INFO o.a.j.t.JMeterThread: Thread finished: jp@gc - Ultimate Thread Group 1-40
2021-10-25 10:19:32,143 INFO o.a.j.t.JMeterThread: Stopping because end time detected by thread: jp@gc - Ultimate Thread Group 1-41
2021-10-25 10:19:32,143 INFO o.a.j.t.JMeterThread: Thread finished: jp@gc - Ultimate Thread Group 1-41
2021-10-25 10:19:32,642 INFO o.a.j.t.JMeterThread: Stopping because end time detected by thread: jp@gc - Ultimate Thread Group 1-45
2021-10-25 10:19:32,642 INFO o.a.j.t.JMeterThread: Thread finished: jp@gc - Ultimate Thread Group 1-45
2021-10-25 10:19:33,487 INFO o.a.j.t.JMeterThread: Thread finished: jp@gc - Ultimate Thread Group 1-37
2021-10-25 10:19:34,221 INFO o.a.j.t.JMeterThread: Stopping because end time detected by thread: jp@gc - Ultimate Thread Group 1-38
2021-10-25 10:19:34,221 INFO o.a.j.t.JMeterThread: Thread finished: jp@gc - Ultimate Thread Group 1-38
2021-10-25 10:19:35,343 INFO o.a.j.t.JMeterThread: Stopping because end time detected by thread: jp@gc - Ultimate Thread Group 1-39
2021-10-25 10:19:35,343 INFO o.a.j.t.JMeterThread: Thread finished: jp@gc - Ultimate Thread Group 1-39
2021-10-25 10:19:35,445 INFO o.a.j.t.JMeterThread: Stopping because end time detected by thread: jp@gc - Ultimate Thread Group 1-36
2021-10-25 10:19:35,445 INFO o.a.j.t.JMeterThread: Thread finished: jp@gc - Ultimate Thread Group 1-36
2021-10-25 10:19:36,612 INFO o.a.j.t.JMeterThread: Stopping because end time detected by thread: jp@gc - Ultimate Thread Group 1-34
2021-10-25 10:19:36,612 INFO o.a.j.t.JMeterThread: Thread finished: jp@gc - Ultimate Thread Group 1-34
2021-10-25 10:19:38,922 INFO o.a.j.t.JMeterThread: Stopping because end time detected by thread: jp@gc - Ultimate Thread Group 1-33
2021-10-25 10:19:38,922 INFO o.a.j.t.JMeterThread: Thread finished: jp@gc - Ultimate Thread Group 1-33
2021-10-25 10:19:40,240 INFO o.a.j.t.JMeterThread: Stopping because end time detected by thread: jp@gc - Ultimate Thread Group 1-31
2021-10-25 10:19:40,240 INFO o.a.j.t.JMeterThread: Thread finished: jp@gc - Ultimate Thread Group 1-31
2021-10-25 10:19:40,490 INFO o.a.j.t.JMeterThread: Stopping because end time detected by thread: jp@gc - Ultimate Thread Group 1-32
2021-10-25 10:19:40,490 INFO o.a.j.t.JMeterThread: Thread finished: jp@gc - Ultimate Thread Group 1-32
2021-10-25 10:19:41,278 INFO o.a.j.t.JMeterThread: Stopping because end time detected by thread: jp@gc - Ultimate Thread Group 1-35
2021-10-25 10:19:41,278 INFO o.a.j.t.JMeterThread: Thread finished: jp@gc - Ultimate Thread Group 1-35
2021-10-25 10:23:32,522 INFO o.a.j.t.JMeterThread: Stopping because end time detected by thread: jp@gc - Ultimate Thread Group 1-30
2021-10-25 10:23:32,523 INFO o.a.j.t.JMeterThread: Thread finished: jp@gc - Ultimate Thread Group 1-30
2021-10-25 10:23:35,398 INFO o.a.j.t.JMeterThread: Stopping because end time detected by thread: jp@gc - Ultimate Thread Group 1-28
2021-10-25 10:23:35,399 INFO o.a.j.t.JMeterThread: Thread finished: jp@gc - Ultimate Thread Group 1-28
2021-10-25 10:23:35,696 INFO o.a.j.t.JMeterThread: Stopping because end time detected by thread: jp@gc - Ultimate Thread Group 1-29
2021-10-25 10:23:35,696 INFO o.a.j.t.JMeterThread: Thread finished: jp@gc - Ultimate Thread Group 1-29
2021-10-25 10:23:37,219 INFO o.a.j.t.JMeterThread: Stopping because end time detected by thread: jp@gc - Ultimate Thread Group 1-27
2021-10-25 10:23:37,219 INFO o.a.j.t.JMeterThread: Thread finished: jp@gc - Ultimate Thread Group 1-27
2021-10-25 10:23:38,127 INFO o.a.j.t.JMeterThread: Stopping because end time detected by thread: jp@gc - Ultimate Thread Group 1-26
2021-10-25 10:23:38,127 INFO o.a.j.t.JMeterThread: Thread finished: jp@gc - Ultimate Thread Group 1-26
2021-10-25 10:23:38,714 INFO o.a.j.t.JMeterThread: Stopping because end time detected by thread: jp@gc - Ultimate Thread Group 1-25
2021-10-25 10:23:38,714 INFO o.a.j.t.JMeterThread: Thread finished: jp@gc - Ultimate Thread Group 1-25
2021-10-25 10:23:39,837 INFO o.a.j.t.JMeterThread: Thread finished: jp@gc - Ultimate Thread Group 1-24
2021-10-25 10:23:49,706 INFO o.a.j.t.JMeterThread: Stopping because end time detected by thread: jp@gc - Ultimate Thread Group 1-20
2021-10-25 10:23:49,706 INFO o.a.j.t.JMeterThread: Thread finished: jp@gc - Ultimate Thread Group 1-20
2021-10-25 10:23:54,599 INFO o.a.j.t.JMeterThread: Stopping because end time detected by thread: jp@gc - Ultimate Thread Group 1-16
2021-10-25 10:23:54,600 INFO o.a.j.t.JMeterThread: Thread finished: jp@gc - Ultimate Thread Group 1-16
2021-10-25 10:23:56,868 INFO o.a.j.t.JMeterThread: Stopping because end time detected by thread: jp@gc - Ultimate Thread Group 1-15
2021-10-25 10:23:56,868 INFO o.a.j.t.JMeterThread: Thread finished: jp@gc - Ultimate Thread Group 1-15
2021-10-25 10:23:58,505 INFO o.a.j.t.JMeterThread: Stopping because end time detected by thread: jp@gc - Ultimate Thread Group 1-21
2021-10-25 10:23:58,505 INFO o.a.j.t.JMeterThread: Thread finished: jp@gc - Ultimate Thread Group 1-21
2021-10-25 10:23:59,057 INFO o.a.j.t.JMeterThread: Stopping because end time detected by thread: jp@gc - Ultimate Thread Group 1-18
2021-10-25 10:23:59,058 INFO o.a.j.t.JMeterThread: Thread finished: jp@gc - Ultimate Thread Group 1-18
2021-10-25 10:23:59,404 INFO o.a.j.t.JMeterThread: Stopping because end time detected by thread: jp@gc - Ultimate Thread Group 1-23
2021-10-25 10:23:59,404 INFO o.a.j.t.JMeterThread: Thread finished: jp@gc - Ultimate Thread Group 1-23
2021-10-25 10:23:59,522 INFO o.a.j.t.JMeterThread: Stopping because end time detected by thread: jp@gc - Ultimate Thread Group 1-13
2021-10-25 10:23:59,522 INFO o.a.j.t.JMeterThread: Thread finished: jp@gc - Ultimate Thread Group 1-13
2021-10-25 10:23:59,527 INFO o.a.j.t.JMeterThread: Stopping because end time detected by thread: jp@gc - Ultimate Thread Group 1-19
2021-10-25 10:23:59,528 INFO o.a.j.t.JMeterThread: Thread finished: jp@gc - Ultimate Thread Group 1-19
2021-10-25 10:23:59,606 INFO o.a.j.t.JMeterThread: Stopping because end time detected by thread: jp@gc - Ultimate Thread Group 1-14
2021-10-25 10:23:59,606 INFO o.a.j.t.JMeterThread: Thread finished: jp@gc - Ultimate Thread Group 1-14
2021-10-25 10:23:59,815 INFO o.a.j.t.JMeterThread: Stopping because end time detected by thread: jp@gc - Ultimate Thread Group 1-11
2021-10-25 10:23:59,815 INFO o.a.j.t.JMeterThread: Thread finished: jp@gc - Ultimate Thread Group 1-11
2021-10-25 10:24:02,897 INFO o.a.j.t.JMeterThread: Stopping because end time detected by thread: jp@gc - Ultimate Thread Group 1-12
2021-10-25 10:24:02,897 INFO o.a.j.t.JMeterThread: Thread finished: jp@gc - Ultimate Thread Group 1-12
2021-10-25 10:24:02,977 INFO o.a.j.t.JMeterThread: Stopping because end time detected by thread: jp@gc - Ultimate Thread Group 1-17
2021-10-25 10:24:02,977 INFO o.a.j.t.JMeterThread: Thread finished: jp@gc - Ultimate Thread Group 1-17
2021-10-25 10:24:03,721 INFO o.a.j.t.JMeterThread: Stopping because end time detected by thread: jp@gc - Ultimate Thread Group 1-22
2021-10-25 10:24:03,722 INFO o.a.j.t.JMeterThread: Thread finished: jp@gc - Ultimate Thread Group 1-22
2021-10-25 10:24:50,120 INFO o.a.j.t.JMeterThread: Thread finished: jp@gc - Ultimate Thread Group 1-100
2021-10-25 10:24:50,920 INFO o.a.j.t.JMeterThread: Thread finished: jp@gc - Ultimate Thread Group 1-99
2021-10-25 10:24:58,303 INFO o.a.j.t.JMeterThread: Stopping because end time detected by thread: jp@gc - Ultimate Thread Group 1-95
2021-10-25 10:24:58,303 INFO o.a.j.t.JMeterThread: Thread finished: jp@gc - Ultimate Thread Group 1-95
2021-10-25 10:24:58,434 INFO o.a.j.t.JMeterThread: Stopping because end time detected by thread: jp@gc - Ultimate Thread Group 1-97
2021-10-25 10:24:58,445 INFO o.a.j.t.JMeterThread: Thread finished: jp@gc - Ultimate Thread Group 1-97
2021-10-25 10:24:58,825 INFO o.a.j.t.JMeterThread: Stopping because end time detected by thread: jp@gc - Ultimate Thread Group 1-92
2021-10-25 10:24:58,825 INFO o.a.j.t.JMeterThread: Thread finished: jp@gc - Ultimate Thread Group 1-92
2021-10-25 10:24:59,601 INFO o.a.j.t.JMeterThread: Stopping because end time detected by thread: jp@gc - Ultimate Thread Group 1-96
2021-10-25 10:24:59,601 INFO o.a.j.t.JMeterThread: Thread finished: jp@gc - Ultimate Thread Group 1-96
2021-10-25 10:25:01,100 INFO o.a.j.t.JMeterThread: Stopping because end time detected by thread: jp@gc - Ultimate Thread Group 1-93
2021-10-25 10:25:01,101 INFO o.a.j.t.JMeterThread: Thread finished: jp@gc - Ultimate Thread Group 1-93
2021-10-25 10:25:06,898 INFO o.a.j.t.JMeterThread: Stopping because end time detected by thread: jp@gc - Ultimate Thread Group 1-89
2021-10-25 10:25:06,899 INFO o.a.j.t.JMeterThread: Thread finished: jp@gc - Ultimate Thread Group 1-89
2021-10-25 10:25:07,317 INFO o.a.j.t.JMeterThread: Stopping because end time detected by thread: jp@gc - Ultimate Thread Group 1-98
2021-10-25 10:25:07,317 INFO o.a.j.t.JMeterThread: Thread finished: jp@gc - Ultimate Thread Group 1-98
2021-10-25 10:25:07,364 INFO o.a.j.t.JMeterThread: Stopping because end time detected by thread: jp@gc - Ultimate Thread Group 1-86
2021-10-25 10:25:07,364 INFO o.a.j.t.JMeterThread: Thread finished: jp@gc - Ultimate Thread Group 1-86
2021-10-25 10:25:07,398 INFO o.a.j.t.JMeterThread: Stopping because end time detected by thread: jp@gc - Ultimate Thread Group 1-90
2021-10-25 10:25:07,398 INFO o.a.j.t.JMeterThread: Thread finished: jp@gc - Ultimate Thread Group 1-90
2021-10-25 10:25:07,830 INFO o.a.j.t.JMeterThread: Stopping because end time detected by thread: jp@gc - Ultimate Thread Group 1-88
2021-10-25 10:25:07,830 INFO o.a.j.t.JMeterThread: Thread finished: jp@gc - Ultimate Thread Group 1-88
2021-10-25 10:25:07,923 INFO o.a.j.t.JMeterThread: Stopping because end time detected by thread: jp@gc - Ultimate Thread Group 1-84
2021-10-25 10:25:07,923 INFO o.a.j.t.JMeterThread: Thread finished: jp@gc - Ultimate Thread Group 1-84
2021-10-25 10:25:07,998 INFO o.a.j.t.JMeterThread: Stopping because end time detected by thread: jp@gc - Ultimate Thread Group 1-85
2021-10-25 10:25:07,998 INFO o.a.j.t.JMeterThread: Thread finished: jp@gc - Ultimate Thread Group 1-85
2021-10-25 10:25:08,098 INFO o.a.j.t.JMeterThread: Stopping because end time detected by thread: jp@gc - Ultimate Thread Group 1-82
2021-10-25 10:25:08,098 INFO o.a.j.t.JMeterThread: Thread finished: jp@gc - Ultimate Thread Group 1-82
2021-10-25 10:25:08,124 INFO o.a.j.t.JMeterThread: Stopping because end time detected by thread: jp@gc - Ultimate Thread Group 1-78
2021-10-25 10:25:08,124 INFO o.a.j.t.JMeterThread: Thread finished: jp@gc - Ultimate Thread Group 1-78
2021-10-25 10:25:08,136 INFO o.a.j.t.JMeterThread: Stopping because end time detected by thread: jp@gc - Ultimate Thread Group 1-81
2021-10-25 10:25:08,137 INFO o.a.j.t.JMeterThread: Thread finished: jp@gc - Ultimate Thread Group 1-81
2021-10-25 10:25:08,138 INFO o.a.j.t.JMeterThread: Stopping because end time detected by thread: jp@gc - Ultimate Thread Group 1-80
2021-10-25 10:25:08,139 INFO o.a.j.t.JMeterThread: Thread finished: jp@gc - Ultimate Thread Group 1-80
2021-10-25 10:25:08,146 INFO o.a.j.t.JMeterThread: Stopping because end time detected by thread: jp@gc - Ultimate Thread Group 1-94
2021-10-25 10:25:08,146 INFO o.a.j.t.JMeterThread: Thread finished: jp@gc - Ultimate Thread Group 1-94
2021-10-25 10:25:08,232 INFO o.a.j.t.JMeterThread: Stopping because end time detected by thread: jp@gc - Ultimate Thread Group 1-77
2021-10-25 10:25:08,232 INFO o.a.j.t.JMeterThread: Thread finished: jp@gc - Ultimate Thread Group 1-77
2021-10-25 10:25:08,412 INFO o.a.j.t.JMeterThread: Stopping because end time detected by thread: jp@gc - Ultimate Thread Group 1-76
2021-10-25 10:25:08,412 INFO o.a.j.t.JMeterThread: Thread finished: jp@gc - Ultimate Thread Group 1-76
2021-10-25 10:25:08,900 INFO o.a.j.t.JMeterThread: Stopping because end time detected by thread: jp@gc - Ultimate Thread Group 1-91
2021-10-25 10:25:08,900 INFO o.a.j.t.JMeterThread: Thread finished: jp@gc - Ultimate Thread Group 1-91
2021-10-25 10:25:08,903 INFO o.a.j.t.JMeterThread: Stopping because end time detected by thread: jp@gc - Ultimate Thread Group 1-83
2021-10-25 10:25:08,903 INFO o.a.j.t.JMeterThread: Thread finished: jp@gc - Ultimate Thread Group 1-83
2021-10-25 10:25:09,118 INFO o.a.j.t.JMeterThread: Stopping because end time detected by thread: jp@gc - Ultimate Thread Group 1-75
2021-10-25 10:25:09,118 INFO o.a.j.t.JMeterThread: Thread finished: jp@gc - Ultimate Thread Group 1-75
2021-10-25 10:25:09,419 INFO o.a.j.t.JMeterThread: Thread finished: jp@gc - Ultimate Thread Group 1-74
2021-10-25 10:25:10,421 INFO o.a.j.t.JMeterThread: Thread finished: jp@gc - Ultimate Thread Group 1-73
2021-10-25 10:25:11,203 INFO o.a.j.t.JMeterThread: Thread finished: jp@gc - Ultimate Thread Group 1-72
2021-10-25 10:25:11,422 INFO o.a.j.t.JMeterThread: Stopping because end time detected by thread: jp@gc - Ultimate Thread Group 1-79
2021-10-25 10:25:11,422 INFO o.a.j.t.JMeterThread: Thread finished: jp@gc - Ultimate Thread Group 1-79
2021-10-25 10:25:11,864 INFO o.a.j.t.JMeterThread: Stopping because end time detected by thread: jp@gc - Ultimate Thread Group 1-87
2021-10-25 10:25:11,882 INFO o.a.j.t.JMeterThread: Thread finished: jp@gc - Ultimate Thread Group 1-87
2021-10-25 10:25:14,349 INFO o.a.j.t.JMeterThread: Stopping because end time detected by thread: jp@gc - Ultimate Thread Group 1-69
2021-10-25 10:25:14,350 INFO o.a.j.t.JMeterThread: Thread finished: jp@gc - Ultimate Thread Group 1-69
2021-10-25 10:25:16,071 INFO o.a.j.t.JMeterThread: Stopping because end time detected by thread: jp@gc - Ultimate Thread Group 1-71
2021-10-25 10:25:16,071 INFO o.a.j.t.JMeterThread: Thread finished: jp@gc - Ultimate Thread Group 1-71
2021-10-25 10:25:17,017 INFO o.a.j.t.JMeterThread: Stopping because end time detected by thread: jp@gc - Ultimate Thread Group 1-65
2021-10-25 10:25:17,017 INFO o.a.j.t.JMeterThread: Thread finished: jp@gc - Ultimate Thread Group 1-65
2021-10-25 10:25:17,122 INFO o.a.j.t.JMeterThread: Thread finished: jp@gc - Ultimate Thread Group 1-64
2021-10-25 10:25:17,504 INFO o.a.j.t.JMeterThread: Stopping because end time detected by thread: jp@gc - Ultimate Thread Group 1-68
2021-10-25 10:25:17,505 INFO o.a.j.t.JMeterThread: Thread finished: jp@gc - Ultimate Thread Group 1-68
2021-10-25 10:25:18,098 INFO o.a.j.t.JMeterThread: Stopping because end time detected by thread: jp@gc - Ultimate Thread Group 1-63
2021-10-25 10:25:18,099 INFO o.a.j.t.JMeterThread: Thread finished: jp@gc - Ultimate Thread Group 1-63
2021-10-25 10:25:18,851 INFO o.a.j.t.JMeterThread: Stopping because end time detected by thread: jp@gc - Ultimate Thread Group 1-62
2021-10-25 10:25:18,851 INFO o.a.j.t.JMeterThread: Thread finished: jp@gc - Ultimate Thread Group 1-62
2021-10-25 10:25:19,076 INFO o.a.j.t.JMeterThread: Stopping because end time detected by thread: jp@gc - Ultimate Thread Group 1-66
2021-10-25 10:25:19,077 INFO o.a.j.t.JMeterThread: Thread finished: jp@gc - Ultimate Thread Group 1-66
2021-10-25 10:25:19,328 INFO o.a.j.t.JMeterThread: Thread finished: jp@gc - Ultimate Thread Group 1-61
2021-10-25 10:25:19,904 INFO o.a.j.t.JMeterThread: Stopping because end time detected by thread: jp@gc - Ultimate Thread Group 1-70
2021-10-25 10:25:19,905 INFO o.a.j.t.JMeterThread: Thread finished: jp@gc - Ultimate Thread Group 1-70
2021-10-25 10:25:19,970 INFO o.a.j.t.JMeterThread: Stopping because end time detected by thread: jp@gc - Ultimate Thread Group 1-67
2021-10-25 10:25:19,970 INFO o.a.j.t.JMeterThread: Thread finished: jp@gc - Ultimate Thread Group 1-67
2021-10-25 10:27:54,565 INFO o.a.j.t.JMeterThread: Stopping because end time detected by thread: jp@gc - Ultimate Thread Group 1-10
2021-10-25 10:27:54,566 INFO o.a.j.t.JMeterThread: Thread finished: jp@gc - Ultimate Thread Group 1-10
2021-10-25 10:27:55,475 INFO o.a.j.t.JMeterThread: Thread finished: jp@gc - Ultimate Thread Group 1-9
2021-10-25 10:28:00,692 INFO o.a.j.t.JMeterThread: Stopping because end time detected by thread: jp@gc - Ultimate Thread Group 1-8
2021-10-25 10:28:00,693 INFO o.a.j.t.JMeterThread: Thread finished: jp@gc - Ultimate Thread Group 1-8
2021-10-25 10:28:02,893 INFO o.a.j.t.JMeterThread: Stopping because end time detected by thread: jp@gc - Ultimate Thread Group 1-7
2021-10-25 10:28:02,893 INFO o.a.j.t.JMeterThread: Thread finished: jp@gc - Ultimate Thread Group 1-7
2021-10-25 10:28:04,490 INFO o.a.j.t.JMeterThread: Thread finished: jp@gc - Ultimate Thread Group 1-6
2021-10-25 10:28:07,615 INFO o.a.j.t.JMeterThread: Stopping because end time detected by thread: jp@gc - Ultimate Thread Group 1-5
2021-10-25 10:28:07,616 INFO o.a.j.t.JMeterThread: Thread finished: jp@gc - Ultimate Thread Group 1-5
2021-10-25 10:28:10,350 INFO o.a.j.t.JMeterThread: Thread finished: jp@gc - Ultimate Thread Group 1-4
2021-10-25 10:28:14,568 INFO o.a.j.t.JMeterThread: Stopping because end time detected by thread: jp@gc - Ultimate Thread Group 1-3
2021-10-25 10:28:14,568 INFO o.a.j.t.JMeterThread: Thread finished: jp@gc - Ultimate Thread Group 1-3
2021-10-25 10:28:16,575 INFO o.a.j.t.JMeterThread: Thread finished: jp@gc - Ultimate Thread Group 1-2
2021-10-25 10:28:19,468 INFO o.a.j.t.JMeterThread: Thread finished: jp@gc - Ultimate Thread Group 1-1
2021-10-25 10:28:19,469 INFO o.a.j.e.StandardJMeterEngine: Notifying test listeners of end of test
2021-10-25 10:28:19,469 INFO o.a.j.g.u.JMeterMenuBar: setRunning(false, *local*)
